./
filesync.sh
          5.03K 100%    0.00kB/s    0:00:00            5.03K 100%    0.00kB/s    0:00:00 (xfr#1, to-chk=163/172)
.git/
.git/hooks/
.git/info/
.git/logs/
.git/logs/refs/
.git/logs/refs/heads/
.git/logs/refs/remotes/
.git/logs/refs/remotes/origin/
.git/objects/
.git/objects/04/
.git/objects/05/
.git/objects/06/
.git/objects/09/
.git/objects/1b/
.git/objects/29/
.git/objects/2f/
.git/objects/33/
.git/objects/43/
.git/objects/44/
.git/objects/46/
.git/objects/4b/
.git/objects/4f/
.git/objects/57/
.git/objects/5b/
.git/objects/62/
.git/objects/65/
.git/objects/74/
.git/objects/7b/
.git/objects/87/
.git/objects/8c/
.git/objects/8d/
.git/objects/97/
.git/objects/98/
.git/objects/a1/
.git/objects/a2/
.git/objects/a4/
.git/objects/a9/
.git/objects/b4/
.git/objects/c2/
.git/objects/ca/
.git/objects/d3/
.git/objects/d4/
.git/objects/d5/
.git/objects/d8/
.git/objects/da/
.git/objects/dc/
.git/objects/dd/
.git/objects/e1/
.git/objects/ea/
.git/objects/ee/
.git/objects/f2/
.git/objects/f7/
.git/objects/fe/
.git/objects/ff/
.git/objects/info/
.git/objects/pack/
.git/refs/
.git/refs/heads/
.git/refs/remotes/
.git/refs/remotes/origin/
.git/refs/tags/
dnscheck/
linuxhealthcheck/
log/
scriptsync_vps/

sent 11.54K bytes  received 517 bytes  8.03K bytes/sec
total size is 1.41M  speedup is 117.35]


