0ne-click.com - [ 21-apr-2016 ] [ - ]
4whitewalls.co.uk - [ 14-Jun-2016 ] [ - ]
94weststreet.com - [ 02-aug-2016 ] [ BaseKit owned ]
abifawcett.com - [ 08-oct-2016 ] [ BaseKit owned ]
abseals.co.uk - [ 29-Mar-2016 ] [ BaseKit owned ]
acaccess.co.uk - [ 18-Apr-2016 ] [ BaseKit owned ]
accelerasia.com - [ 08-dec-2016 ] [ - ]
acrosstheboards.co.uk - [ 10-Jul-2016 ] [ - ]
action-for-floods.com - [ 22-mar-2016 ] [ BaseKit owned ]
actionforfloods.com - [ 15-jul-2016 ] [ - ]
adamgoodchild.co.uk - [ 27-Dec-2016 ] [ - ]
adelgacepanama.com - [ 02-may-2016 ] [ - ]
adriaanvanderhek.com - [ 11-oct-2016 ] [ - ]
advantagrowup.com - [ 26-mar-2016 ] [ - ]
advertime.co.uk - [ 06-May-2016 ] [ - ]
agudoprocurador.com - [ 26-apr-2016 ] [ - ]
akstaxispetersfield.co.uk - [ 26-Mar-2016 ] [ BaseKit owned ]
alanmolina.co.uk - [ 06-Sep-2017 ] [ BaseKit owned ]
albergodiffusocrispolti.com - [ 11-mar-2017 ] [ BaseKit owned ]
alia-mantenimiento-comunidades.com - [ 26-feb-2017 ] [ - ]
allingoodhands.co.uk - [ 12-Oct-2016 ] [ - ]
alphasecuritycolombia.com - [ 07-mar-2016 ] [ - ]
alverthorpesurgery.co.uk - [ 20-Jan-2020 ] [ BaseKit owned ]
amocoisasdimaria.com - [ 11-jul-2016 ] [ - ]
amotapachula.com - [ 21-feb-2017 ] [ BaseKit owned ]
amscopiers.com - [ 05-jul-2016 ] [ - ]
amyhcwilson.co.uk - [ 03-Jan-2017 ] [ - ]
amyhcwilson.com - [ 26-apr-2016 ] [ - ]
appliedpsychologies.com - [ 27-nov-2016 ] [ BaseKit owned ]
arkhibuild.co.uk - [ 13-Jul-2016 ] [ - ]
arkhibuild.com - [ 13-jul-2016 ] [ - ]
artuncinetci.com - [ 22-mar-2016 ] [ - ]
asasolutions.co.uk - [ 13-Apr-2016 ] [ - ]
asdcustom.co.uk - [ 11-Jun-2016 ] [ BaseKit owned ]
asdlimited.co.uk - [ 08-Apr-2017 ] [ BaseKit owned ]
ateliermargaridacolorida.com - [ 01-jun-2016 ] [ - ]
aticsa.net - [ 09-dec-2016 ] [ - ]
attaiin.com - [ 30-dec-2017 ] [ - ]
aturfeetjesus.org.uk - [ 05-Feb-2017 ] [ BaseKit owned ]
atvquadbikesales.co.uk - [ 18-Nov-2016 ] [ - ]
babyzoneguarderiamovil.com - [ 24-oct-2016 ] [ BaseKit owned ]
bakekit.me.uk - [ 15-Oct-2016 ] [ - ]
beauteforever.co.uk - [ 01-Sep-2016 ] [ BaseKit owned ]
beautifulimageweddings.co.uk - [ 30-Aug-2016 ] [ - ]
bentleyprestigehire.co.uk - [ 26-Jan-2017 ] [ - ]
bikeframevulz.com - [ 14-feb-2017 ] [ - ]
bikepartsvulz.com - [ 07-jul-2016 ] [ - ]
biketaiwanvulz.com - [ 07-jul-2016 ] [ - ]
blindaohiphopwear.com - [ 08-jul-2016 ] [ - ]
bodascuernavaca.com - [ 24-mar-2016 ] [ - ]
boiler-installation-harrow.co.uk - [ 28-Nov-2016 ] [ - ]
boiler-installation-watford.co.uk - [ 28-Nov-2016 ] [ - ]
bordapro.com - [ 06-aug-2016 ] [ BaseKit owned ]
breakspa.net - [ 21-mar-2016 ] [ BaseKit owned ]
briarmead.co.uk - [ 24-Apr-2017 ] [ BaseKit owned ]
bristoldivingclub.co.uk - [ 19-Feb-2018 ] [ - ]
bristolguildgallery.co.uk - [ 28-Mar-2016 ] [ - ]
bristoltalkingtherapies.co.uk - [ 18-Jul-2017 ] [ - ]
bristoltalkingtherapy.co.uk - [ 15-Aug-2017 ] [ - ]
bruuseriknauer.com - [ 22-apr-2017 ] [ - ]
businesshelpservice.com - [ 07-oct-2016 ] [ - ]
butlerextensions.co.uk - [ 01-Sep-2016 ] [ - ]
caioalbernaz.com - [ 28-jun-2016 ] [ BaseKit owned ]
calhasfenix.com - [ 01-aug-2016 ] [ - ]
calknits.co.uk - [ 21-Jan-2017 ] [ BaseKit owned ]
caringcountryvets.com - [ 06-mar-2017 ] [ BaseKit owned ]
carnetdevoyagemdq.com - [ 19-sep-2016 ] [ BaseKit owned ]
carvalet-uk.com - [ 31-jan-2017 ] [ BaseKit owned ]
casellablue.com - [ 01-feb-2017 ] [ BaseKit owned ]
casinohirecompany.co.uk - [ 13-May-2016 ] [ - ]
catalogobanos.com - [ 19-sep-2016 ] [ - ]
catawbacr.com - [ 17-feb-2020 ] [ - ]
cedarwoodtrade.com - [ 28-jul-2016 ] [ - ]
centrodeenfermedadesgastrointestinales.com - [ 31-jan-2017 ] [ - ]
centrovacacionalvillatatiana.com - [ 06-jul-2016 ] [ - ]
chase-wood.com - [ 22-jun-2016 ] [ BaseKit owned ]
chasefoods.co.uk - [ 02-Aug-2016 ] [ - ]
chefhungskitchen.com - [ 04-jan-2018 ] [ - ]
chesterpaving.com - [ 20-may-2016 ] [ - ]
chiapanequisimo.com - [ 19-jan-2017 ] [ - ]
chopiando.com - [ 10-dec-2016 ] [ - ]
chrishawes.net - [ 23-aug-2016 ] [ - ]
christmascasinos.co.uk - [ 11-Nov-2016 ] [ - ]
chyeme.com - [ 10-nov-2016 ] [ - ]
ciaopaolo.co.uk - [ 16-Aug-2017 ] [ - ]
circlecityrs.com - [ 05-mar-2017 ] [ BaseKit owned ]
cityphotopro.com - [ 27-jan-2017 ] [ BaseKit owned ]
cityplanag.com - [ 02-feb-2017 ] [ - ]
clinicaespino.com - [ 05-jul-2016 ] [ - ]
clinicamartinelligarcia.net - [ 19-mar-2016 ] [ BaseKit owned ]
clinicasantamariadeguadalupe.com - [ 29-jun-2016 ] [ - ]
closeupmagicianlondon.com - [ 09-feb-2017 ] [ - ]
clubedovinhosiciliano.com - [ 19-aug-2016 ] [ - ]
cmdkeyllc.com - [ 11-aug-2016 ] [ - ]
cohensystems.com - [ 01-mar-2017 ] [ - ]
commandkeyllc.com - [ 30-jul-2016 ] [ - ]
contudepa.com - [ 02-apr-2016 ] [ BaseKit owned ]
copenhagenfutureclub.com - [ 30-jan-2017 ] [ - ]
correiodachapada.com - [ 20-nov-2016 ] [ - ]
countryandclub.co.uk - [ 14-Oct-2016 ] [ BaseKit owned ]
cphfutureclub.com - [ 30-jan-2017 ] [ - ]
cranksetvulz.com - [ 07-jul-2016 ] [ - ]
crbomjesus.com - [ 28-may-2016 ] [ BaseKit owned ]
crossleazestudios.com - [ 06-sep-2016 ] [ BaseKit owned ]
cwirap.com - [ 10-jul-2016 ] [ BaseKit owned ]
cycles4.me - [ Date:02-Nov-2016 ] [ BaseKit owned ]
dagmarzazvurkova.com - [ 09-dec-2016 ] [ - ]
dampeetextile.com - [ 23-aug-2016 ] [ - ]
darlingtonrdr.com - [ 17-feb-2017 ] [ - ]
dasomil-estilistas.com - [ 26-apr-2016 ] [ - ]
dazzlingdesignsfaceandbodyart.co.uk - [ 31-Dec-2017 ] [ - ]
debbiehuntdesign.com - [ 08-nov-2016 ] [ BaseKit owned ]
denisdoffdesign.com - [ 01-apr-2016 ] [ - ]
dentistas-aravaca-pozuelo.com - [ 08-feb-2017 ] [ - ]
dicocsa.com - [ 12-apr-2016 ] [ BaseKit owned ]
dif-entrenamiento-funcional.com - [ 15-apr-2017 ] [ - ]
dif-fitness.com - [ 15-apr-2016 ] [ - ]
digitaleme.com - [ 10-sep-2016 ] [ BaseKit owned ]
dilmar.net - [ 01-apr-2016 ] [ BaseKit owned ]
directoriomedicochiriqui.com - [ 14-mar-2016 ] [ BaseKit owned ]
directorioporespecialidadmedica.com - [ 19-sep-2016 ] [ BaseKit owned ]
directoriosdepanama.com - [ 02-may-2016 ] [ - ]
discotecamovilatomica.com - [ 15-apr-2016 ] [ BaseKit owned ]
disegnarte.com - [ 23-nov-2017 ] [ - ]
dmurphyarchitect.com - [ 30-jan-2017 ] [ BaseKit owned ]
doctoralonsoalvarado.com - [ 23-dec-2016 ] [ - ]
doctorluisjaviercardenas.com - [ 03-dec-2016 ] [ - ]
doctorrubenurena.com - [ 10-dec-2016 ] [ - ]
docugan.com - [ 29-may-2016 ] [ - ]
dr-guillemlopezburguete.com - [ 17-oct-2016 ] [ - ]
driftingstride.com - [ 04-feb-2017 ] [ - ]
drivingcrawley.co.uk - [ 20-Apr-2016 ] [ BaseKit owned ]
duncanmarshall.co.uk - [ 20-Feb-2018 ] [ - ]
dyn-health.co.uk - [ 08-Aug-2017 ] [ - ]
eastcoastcars.co.uk - [ 27-Jun-2016 ] [ BaseKit owned ]
ecommerceshoes.net - [ 29-aug-2016 ] [ - ]
eduardalemany.com - [ 10-apr-2016 ] [ - ]
eemconsultoria.com - [ 01-mar-2017 ] [ BaseKit owned ]
elenabkmexico.com - [ 14-jan-2017 ] [ - ]
eletroclimasolucoes.com - [ 24-apr-2016 ] [ - ]
embroiderydigitisation.co.uk - [ 02-Jul-2016 ] [ BaseKit owned ]
emigfloreria.com - [ 30-apr-2016 ] [ BaseKit owned ]
emilyjanehair.co.uk - [ 04-Aug-2016 ] [ - ]
endeavourwoodcrafts.com - [ 02-feb-2017 ] [ - ]
epicshotsphotography.com - [ 01-feb-2017 ] [ - ]
equitacionespigares.com - [ 05-sep-2016 ] [ BaseKit owned ]
escapebuilding.co.uk - [ 18-Apr-2016 ] [ - ]
escuelainfantildisney.com - [ 15-may-2016 ] [ BaseKit owned ]
essexweddingwunderbug.com - [ 28-may-2016 ] [ - ]
eventphotographer.org.uk - [ 21-Nov-2016 ] [ - ]
exeteraccountancyservices.co.uk - [ 26-May-2016 ] [ - ]
fa-jewelry.co.uk - [ 14-Jun-2016 ] [ BaseKit owned ]
familiesoftheway.com - [ 15-jan-2018 ] [ - ]
fdixconsulting.com - [ 18-sep-2016 ] [ - ]
fight-director.co.uk - [ 16-Jan-2017 ] [ - ]
filmikpictures.com - [ 15-sep-2016 ] [ - ]
firena.co.uk - [ 22-Nov-2017 ] [ - ]
firsttake.org.uk - [ 29-Jan-2017 ] [ - ]
florenceandbette.co.uk - [ 25-Apr-2016 ] [ BaseKit owned ]
florenceandbette.com - [ 25-apr-2016 ] [ BaseKit owned ]
foodbynature.co.uk - [ 05-May-2016 ] [ - ]
fortheloveofent.com - [ 02-dec-2016 ] [ - ]
fpfx.co.uk - [ 24-Jan-2017 ] [ - ]
furrylizard.co.uk - [ 27-Oct-2016 ] [ - ]
gillyportfolio.co.uk - [ 12-Nov-2016 ] [ - ]
gonnyglass.co.uk - [ 10-Apr-2016 ] [ BaseKit owned ]
gooseandberryweddings.co.uk - [ 05-Nov-2016 ] [ - ]
gooseandberryweddings.com - [ 05-nov-2016 ] [ - ]
granddesignservices.co.uk - [ 28-May-2016 ] [ - ]
greenheartfurniture.co.uk - [ 15-Jun-2016 ] [ - ]
grupohumanauto.com - [ 09-feb-2017 ] [ - ]
grupojdenergy.com - [ 04-apr-2016 ] [ - ]
grupokom.com - [ 29-aug-2016 ] [ BaseKit owned ]
gulraizwelfaretrust.org.uk - [ 29-May-2016 ] [ - ]
hairsquaremansfield.com - [ 14-oct-2016 ] [ - ]
hannahbourke.co.uk - [ 26-Feb-2016 ] [ BaseKit owned ]
harjitchanafitness.com - [ 19-mar-2016 ] [ BaseKit owned ]
haywoodart.co.uk - [ 06-Dec-2016 ] [ - ]
haywooddesigns.co.uk - [ 24-Nov-2016 ] [ - ]
haywoodindustries.co.uk - [ 26-Nov-2016 ] [ - ]
haywoodindustries.com - [ 26-nov-2016 ] [ - ]
haywoodpae.co.uk - [ 05-Dec-2016 ] [ - ]
haywoodprintingandembroidery.co.uk - [ 05-Dec-2016 ] [ - ]
hfeducate.com - [ 20-jun-2016 ] [ - ]
hlaunion.com - [ 24-mar-2016 ] [ - ]
hollowayheadsquare.co.uk - [ 30-Mar-2019 ] [ - ]
hotelcolon27.com - [ 21-nov-2016 ] [ - ]
hotelvillatatiana.com - [ 11-jun-2016 ] [ - ]
hqstones.com - [ 27-jul-2016 ] [ - ]
hypnotherapyhenleaze.co.uk - [ 15-Aug-2017 ] [ - ]
iantimothy.com - [ 20-aug-2016 ] [ BaseKit owned ]
icliper.com - [ 30-oct-2016 ] [ - ]
igalcam.com - [ 20-nov-2016 ] [ - ]
igmf.co.uk - [ 07-Jul-2016 ] [ - ]
ignaciojimeneza.com - [ 02-dec-2016 ] [ BaseKit owned ]
ignicionsoftware.com - [ 19-jun-2016 ] [ BaseKit owned ]
imageconnectiongroup.com - [ 23-sep-2016 ] [ - ]
implanteunicsul.com - [ 05-feb-2017 ] [ - ]
independentfascism.com - [ 28-apr-2016 ] [ - ]
inove-rn.com - [ 20-may-2016 ] [ - ]
inprotectreinamentos.com - [ 24-mar-2016 ] [ - ]
insidefuturenothing.com - [ 20-jan-2017 ] [ - ]
instepwv.com - [ 05-dec-2016 ] [ - ]
interculture.com - [ 26-may-2016 ] [ - ]
isabelguerra-oficial.com - [ 03-mar-2017 ] [ - ]
islandlocks.co.uk - [ 08-Apr-2017 ] [ - ]
jamesmichael-music.uk - [ 02-Jul-2016 ] [ - ]
jamonessalazar.com - [ 15-may-2016 ] [ - ]
janscakes-romford.co.uk - [ 17-Jan-2018 ] [ - ]
jeffvree.com - [ 19-jan-2017 ] [ BaseKit owned ]
jelleclaeys.com - [ 22-sep-2016 ] [ - ]
jemmaskidmoremusic.co.uk - [ 07-Oct-2016 ] [ BaseKit owned ]
jesmarquitectura.com - [ 22-mar-2017 ] [ BaseKit owned ]
jfecreative.com - [ 21-apr-2016 ] [ - ]
joelallison.co.uk - [ 15-Oct-2016 ] [ - ]
johnfarney-tarmaccontractors.co.uk - [ 22-Jul-2016 ] [ - ]
josemanuel-sanchez.com - [ 28-dec-2016 ] [ - ]
josholdaker.com - [ 13-feb-2017 ] [ - ]
joyluc.com - [ 24-mar-2017 ] [ - ]
karloscostaestilistas.com - [ 14-nov-2016 ] [ - ]
kassurveyingservices.com - [ 27-feb-2017 ] [ BaseKit owned ]
kerisagdl.com - [ 07-jan-2017 ] [ BaseKit owned ]
kinatra.com - [ 24-jun-2016 ] [ - ]
kirstenlittle.com - [ 09-jan-2017 ] [ BaseKit owned ]
komodoproductions.co.uk - [ 03-Jul-2018 ] [ - ]
lecolilearning.co.uk - [ 01-Nov-2016 ] [ - ]
lifereflectionsllc.com - [ 05-feb-2019 ] [ - ]
linkedenergy.co.uk - [ 22-Oct-2017 ] [ - ]
lizianevents.com - [ 05-may-2016 ] [ BaseKit owned ]
lizpbktry.co.uk - [ 16-Feb-2017 ] [ - ]
lodds.co.uk - [ 26-Oct-2016 ] [ - ]
lolaviesubli.me - [ Date:13-Jun-2016 ] [ BaseKit owned ]
londoncasinohire.com - [ 22-aug-2016 ] [ - ]
lovelittleshops.co.uk - [ 11-Jan-2017 ] [ BaseKit owned ]
ltsbridgend.co.uk - [ 25-Apr-2016 ] [ - ]
ltspencoed.co.uk - [ 25-Apr-2016 ] [ - ]
luckslane.com - [ 13-may-2016 ] [ - ]
lugaresnotaveis.com - [ 26-aug-2016 ] [ - ]
lukecarbyphotography.com - [ 13-jan-2017 ] [ - ]
luxuryassets.co.uk - [ 11-Dec-2017 ] [ BaseKit owned ]
lynnecartlidge.com - [ 05-sep-2016 ] [ - ]
maccgardens.com - [ 24-jan-2017 ] [ - ]
maccmusic.com - [ 05-nov-2016 ] [ BaseKit owned ]
mahnoorali.com - [ 01-nov-2016 ] [ - ]
mailtestqatest.co.uk - [ 09-Nov-2016 ] [ - ]
makeabrand.co.uk - [ 19-Jun-2016 ] [ - ]
makeyourowncap.co.uk - [ 11-Apr-2017 ] [ BaseKit owned ]
makeyourowncap.com - [ 11-apr-2016 ] [ - ]
makeyourownsnapback.co.uk - [ 11-Apr-2017 ] [ BaseKit owned ]
makeyourownsnapback.com - [ 11-apr-2016 ] [ BaseKit owned ]
mallorcaproject.com - [ 14-feb-2017 ] [ - ]
marcoslabraga.com - [ 04-may-2016 ] [ BaseKit owned ]
marcusjonesplumbing.co.uk - [ 24-Oct-2017 ] [ - ]
margalicious.co.uk - [ 16-Apr-2016 ] [ - ]
mariateresaciocchi.net - [ 07-feb-2017 ] [ BaseKit owned ]
marlowgardenservices.co.uk - [ 02-Aug-2016 ] [ - ]
martinstrong.co.uk - [ 31-Aug-2016 ] [ - ]
masonandmason.co.uk - [ 21-Feb-2018 ] [ - ]
massage4wellness.com - [ 15-dec-2017 ] [ - ]
materialexplorations.com - [ 21-aug-2017 ] [ - ]
maxinewilliamsdesign.co.uk - [ 27-Feb-2017 ] [ BaseKit owned ]
mediosonlinepanama.com - [ 27-oct-2017 ] [ - ]
mejidesign.com - [ 23-jul-2016 ] [ BaseKit owned ]
merchantproductions.com - [ 11-jul-2017 ] [ - ]
merrowparkdental.co.uk - [ 17-Feb-2017 ] [ - ]
merrowparkdental.com - [ 17-feb-2017 ] [ - ]
metransformerconsultants.com - [ 08-feb-2017 ] [ - ]
mfdentalcare.co.uk - [ 16-Oct-2016 ] [ - ]
mgpartscph.com - [ 06-jan-2017 ] [ - ]
mhscontabil.com - [ 01-oct-2016 ] [ - ]
mimisadventures.com - [ 18-jun-2016 ] [ - ]
mimisadventures.net - [ 18-jun-2016 ] [ - ]
moiseschitrit.net - [ 01-dec-2016 ] [ - ]
mojotriangle.com - [ 04-jan-2017 ] [ - ]
moniquetalks.com - [ 05-aug-2017 ] [ - ]
monterreyscl.com - [ 30-apr-2016 ] [ - ]
mossschoolofmotoring.co.uk - [ 04-Dec-2016 ] [ - ]
motonoticias.net - [ 17-jul-2016 ] [ - ]
mydashingdesigns.com - [ 01-aug-2016 ] [ - ]
myemailtest.co.uk - [ 23-Apr-2016 ] [ BaseKit owned ]
mynamnam.com - [ 02-jul-2016 ] [ - ]
nanoelectricbikes.co.uk - [ 14-May-2017 ] [ BaseKit owned ]
narmarajput-tribe.com - [ 17-may-2016 ] [ BaseKit owned ]
natalieandrewsphysiotherapy.co.uk - [ 02-Mar-2018 ] [ - ]
nautacapital.com - [ 22-dec-2018 ] [ - ]
neilkapoortennis.co.uk - [ 19-Oct-2018 ] [ - ]
newearthdrinks.com - [ 14-jun-2016 ] [ BaseKit owned ]
ngalamart.net - [ 14-sep-2016 ] [ - ]
nifx.co.uk - [ 27-Nov-2017 ] [ - ]
nobeliuminterior.com - [ 07-sep-2016 ] [ - ]
nonstopglobal.co.uk - [ 26-Jul-2016 ] [ - ]
northcavecars.co.uk - [ 27-Jun-2016 ] [ BaseKit owned ]
northofirelandmotorclub1929.com - [ 17-jun-2016 ] [ - ]
northtawtonyouthfc.co.uk - [ 12-Mar-2016 ] [ BaseKit owned ]
nutricionmedicapanama.com - [ 09-dec-2016 ] [ - ]
nyeb.co.uk - [ 15-Aug-2017 ] [ BaseKit owned ]
obesidadpanama.net - [ 22-dec-2016 ] [ - ]
ocoyaje.net - [ 03-mar-2017 ] [ - ]
ocularshopservices.com - [ 16-jun-2016 ] [ BaseKit owned ]
oferbags.com - [ 04-mar-2017 ] [ - ]
openkommunikation.com - [ 03-jul-2016 ] [ BaseKit owned ]
openthinkingcard.com - [ 29-mar-2016 ] [ BaseKit owned ]
opticlinic.net - [ 30-mar-2016 ] [ - ]
ourbbc.com - [ 11-mar-2016 ] [ - ]
outoftheaeons.com - [ 06-aug-2016 ] [ BaseKit owned ]
oxi-metal.com - [ 22-jul-2016 ] [ - ]
panamaextremetechnologies.com - [ 09-sep-2016 ] [ - ]
panamalifestyle.net - [ 27-mar-2016 ] [ - ]
parkfieldbreeding.com - [ 15-jun-2016 ] [ BaseKit owned ]
partcloudy.co.uk - [ 04-Nov-2016 ] [ - ]
partycasinohire.co.uk - [ 16-Oct-2016 ] [ - ]
pawsandplaques.com - [ 24-apr-2016 ] [ BaseKit owned ]
pbsvisual.com - [ 31-jan-2017 ] [ BaseKit owned ]
pdplandscapeandurbandesign.co.uk - [ 03-Apr-2016 ] [ BaseKit owned ]
peggyloudon.com - [ 13-feb-2017 ] [ - ]
perserrand.com - [ 19-aug-2017 ] [ - ]
personalhelpservice.com - [ 07-oct-2016 ] [ - ]
phototributealbums.com - [ 08-jul-2016 ] [ - ]
pinturajuanrodriguez.com - [ 26-oct-2016 ] [ - ]
pistastartan.com - [ 09-jul-2016 ] [ - ]
pizzalafiorita.com - [ 15-sep-2016 ] [ - ]
playpleasure.com - [ 10-jul-2016 ] [ - ]
plumbernorthwestlondon.co.uk - [ 15-Apr-2016 ] [ - ]
plumbers-harrow.co.uk - [ 15-Apr-2016 ] [ - ]
polarisfilmproductions.com - [ 17-apr-2016 ] [ BaseKit owned ]
precision-welding-solutions.co.uk - [ 05-Mar-2017 ] [ BaseKit owned ]
pristinehome.co.uk - [ 25-Nov-2017 ] [ - ]
prodigiouslondon.com - [ 06-mar-2017 ] [ - ]
profissionalsindico.com - [ 30-jul-2016 ] [ - ]
projektdesk.com - [ 31-jul-2016 ] [ - ]
ptphdiesel.com - [ 13-mar-2016 ] [ - ]
qabaspaytest.co.uk - [ 15-Jul-2016 ] [ - ]
qatestsecond.co.uk - [ 09-Nov-2016 ] [ BaseKit owned ]
rafaeltiede.com - [ 14-may-2016 ] [ BaseKit owned ]
rajanimports.net - [ 18-may-2016 ] [ - ]
rccgshininglight.org.uk - [ 22-Nov-2016 ] [ - ]
rdpplumbing.com - [ 07-apr-2016 ] [ - ]
re-accion.com - [ 05-oct-2016 ] [ - ]
redhorsedressage.co.uk - [ 15-Oct-2016 ] [ BaseKit owned ]
regaincms.co.uk - [ 21-Dec-2016 ] [ - ]
regionalmanifestosproject.com - [ 03-apr-2016 ] [ BaseKit owned ]
rehabilitacionnacional.com - [ 03-mar-2017 ] [ - ]
remont-oxford.co.uk - [ 13-Sep-2016 ] [ - ]
renee-ewing.co.uk - [ 08-Jan-2018 ] [ - ]
restauranteamandocastro.com - [ 13-mar-2016 ] [ BaseKit owned ]
retyree.com - [ 05-aug-2016 ] [ - ]
rhysglentonphotography.com - [ 04-dec-2016 ] [ - ]
richardhealy.co.uk - [ 26-May-2023 ] [ - ]
rockcombo.com - [ 22-mar-2016 ] [ - ]
romanelanceford.co.uk - [ 23-Oct-2016 ] [ - ]
rottenrowbluesox.co.uk - [ 15-Nov-2017 ] [ - ]
roxannayoga.co.uk - [ 03-Jan-2017 ] [ - ]
roxannayoga.com - [ 03-jan-2017 ] [ - ]
rw-gfx.com - [ 23-apr-2018 ] [ - ]
ryanwoodfordguitartuition.co.uk - [ 24-Feb-2018 ] [ - ]
sagespace.net - [ 23-jul-2016 ] [ - ]
san-carlo.co.uk - [ 09-Feb-2017 ] [ - ]
santilhemergencias.com - [ 10-aug-2016 ] [ - ]
scales-designs.com - [ 08-aug-2016 ] [ BaseKit owned ]
scalesdesigns.com - [ 15-apr-2016 ] [ BaseKit owned ]
scottishtrumpetensemble.net - [ 16-apr-2016 ] [ BaseKit owned ]
secretosdeautor.com - [ 18-feb-2017 ] [ - ]
sehvitec.com - [ 18-apr-2016 ] [ BaseKit owned ]
shaecc.com - [ 21-feb-2017 ] [ BaseKit owned ]
shakepromises.com - [ 17-aug-2016 ] [ - ]
sharingcircles.com - [ 15-oct-2017 ] [ - ]
shepherdcounselling.co.uk - [ 18-May-2016 ] [ - ]
showerdome.org.uk - [ 06-Dec-2017 ] [ - ]
shropshirequads.com - [ 24-dec-2016 ] [ - ]
signoaudiovisual.com - [ 26-mar-2016 ] [ - ]
simplyjackvettriano.com - [ 23-oct-2016 ] [ BaseKit owned ]
skylinepropertygroup.co.uk - [ 15-Oct-2016 ] [ - ]
snugglepouch.com - [ 19-mar-2019 ] [ - ]
sojocatering.co.uk - [ 20-Sep-2016 ] [ BaseKit owned ]
sojocatering.com - [ 19-jun-2016 ] [ BaseKit owned ]
solomonsdesign.co.uk - [ 09-Mar-2018 ] [ - ]
sophieedwardsschoolofdance.co.uk - [ 09-Apr-2017 ] [ - ]
spencerbower.com - [ 18-apr-2016 ] [ BaseKit owned ]
squiggles-entertainment.co.uk - [ 11-Jul-2016 ] [ BaseKit owned ]
squiggles-entertainments.co.uk - [ 11-Jul-2016 ] [ BaseKit owned ]
srcapricho.com - [ 05-apr-2016 ] [ - ]
srnoa.co.uk - [ 21-Nov-2016 ] [ BaseKit owned ]
srnoa.org.uk - [ 12-Dec-2016 ] [ BaseKit owned ]
standardsforliving.com - [ 01-jan-2017 ] [ - ]
stitchitandfixit.co.uk - [ 16-Nov-2016 ] [ - ]
stmarysnurseryfosms.co.uk - [ 09-Sep-2016 ] [ - ]
studioten.net - [ 23-apr-2016 ] [ - ]
suefletcher.co.uk - [ 17-Feb-2018 ] [ - ]
sumedicoenlinea.com - [ 12-may-2016 ] [ - ]
sumedicoenlinea.net - [ 28-jun-2017 ] [ - ]
sumedicoenlineaclinicas.com - [ 29-nov-2016 ] [ - ]
sumedicoenlineanews.net - [ 18-feb-2017 ] [ - ]
sumedicoenlineatv.com - [ 31-oct-2016 ] [ - ]
suminllanos.com - [ 02-sep-2016 ] [ BaseKit owned ]
sunshinecasas.com - [ 19-aug-2016 ] [ BaseKit owned ]
surreycorns.co.uk - [ 13-Jan-2017 ] [ - ]
sussexsparklingwine.com - [ 08-dec-2016 ] [ BaseKit owned ]
suxceed.co.uk - [ 20-Apr-2016 ] [ - ]
suxceedclothing.co.uk - [ 20-Apr-2016 ] [ - ]
sweet-chics.co.uk - [ 26-Jun-2016 ] [ - ]
taimurray.com - [ 31-jan-2017 ] [ - ]
talkingtherapiesbristol.co.uk - [ 15-Jul-2017 ] [ - ]
talkingtherapiesbristol.com - [ 15-jul-2017 ] [ - ]
tayshirts.co.uk - [ 17-Oct-2016 ] [ - ]
tcmat.co.uk - [ 07-Mar-2017 ] [ BaseKit owned ]
tecnologovidros.com - [ 04-mar-2017 ] [ - ]
tejados-cofam.com - [ 06-feb-2017 ] [ - ]
telecocinacalicanto.com - [ 23-jun-2016 ] [ - ]
testliveemail.co.uk - [ 27-Mar-2016 ] [ BaseKit owned ]
testpayiaintestpay.co.uk - [ 04-Feb-2017 ] [ BaseKit owned ]
thebelishas.com - [ 17-jan-2017 ] [ - ]
thebicyclemechanic.co.uk - [ 05-Sep-2016 ] [ - ]
thebusinessrecorder.com - [ 03-jan-2018 ] [ - ]
thecatshelterforcatswhomeow.com - [ 26-jun-2016 ] [ - ]
thedairyonline.co.uk - [ 16-Sep-2017 ] [ - ]
thefieldkitchenoxford.co.uk - [ 14-Apr-2016 ] [ - ]
thehelpservice.com - [ 05-nov-2016 ] [ - ]
thehunter-cb.com - [ 15-aug-2016 ] [ - ]
thehunter-fcb.com - [ 03-feb-2017 ] [ - ]
thelocksmithtrainingcompany.co.uk - [ 12-Jan-2019 ] [ - ]
themarginal.uk - [ 07-Nov-2016 ] [ - ]
therapyjersey.co.uk - [ 29-Oct-2017 ] [ - ]
therockinghorsetw.co.uk - [ 11-Feb-2017 ] [ - ]
thesaigoncuisine.co.uk - [ 28-Aug-2016 ] [ - ]
thesis-energy.co.uk - [ 16-Mar-2018 ] [ - ]
thesis-energy.com - [ 16-mar-2024 ] [ - ]
thiagodossantoz.com - [ 05-nov-2016 ] [ - ]
thurs1755.com - [ 27-jun-2016 ] [ - ]
thursdayemail.co.uk - [ 05-Jun-2016 ] [ - ]
tinycow.co.uk - [ 28-Feb-2017 ] [ BaseKit owned ]
tjacksonartist.co.uk - [ 25-Oct-2016 ] [ BaseKit owned ]
topfloorart.co.uk - [ 30-Jan-2017 ] [ BaseKit owned ]
topfloorart.com - [ 19-nov-2016 ] [ - ]
torreblancasportshop.com - [ 14-feb-2017 ] [ - ]
trackfuture.com - [ 19-mar-2016 ] [ - ]
tributephotoalbums.com - [ 08-jul-2016 ] [ - ]
trooperamp.co.uk - [ 03-Jul-2016 ] [ - ]
turbo-transmisiones.com - [ 21-oct-2016 ] [ - ]
twomileoakdevon.org.uk - [ 15-Apr-2017 ] [ - ]
twomileoakinn.co.uk - [ 11-Mar-2019 ] [ - ]
tymborunda.com - [ 17-jun-2016 ] [ BaseKit owned ]
ugandatrip2014.com - [ 30-oct-2016 ] [ - ]
umalacabana.com - [ 15-apr-2016 ] [ BaseKit owned ]
usdza.com - [ 07-nov-2016 ] [ - ]
vancrouch.com - [ 23-jan-2017 ] [ - ]
verticalphotography.co.uk - [ 28-Dec-2016 ] [ - ]
viajeshuatulco.net - [ 19-apr-2016 ] [ BaseKit owned ]
vincentfujiwara.com - [ 31-may-2016 ] [ BaseKit owned ]
voreels.com - [ 15-oct-2016 ] [ - ]
walesnews.com - [ 02-apr-2023 ] [ - ]
warehousematerialhandling.com - [ 28-feb-2017 ] [ - ]
webdepot247.co.uk - [ 26-Jun-2017 ] [ - ]
weddingcasinohire.com - [ 15-aug-2016 ] [ - ]
weddingdj-essex.co.uk - [ 14-Jun-2016 ] [ - ]
westwirralridingschool.co.uk - [ 25-Dec-2016 ] [ - ]
westwirralridingschool.com - [ 25-dec-2016 ] [ - ]
whatif.me.uk - [ 12-Feb-2017 ] [ - ]
whatpram.org.uk - [ 06-Jul-2017 ] [ - ]
wickedfish.org.uk - [ 19-Mar-2016 ] [ - ]
wildwestfest30.com - [ 24-aug-2016 ] [ - ]
willowwardrobe.org.uk - [ 08-Jan-2017 ] [ - ]
wolfpackeng.com - [ 12-mar-2016 ] [ - ]
wongsrestaurant.co.uk - [ 04-Mar-2017 ] [ - ]
workstellar.com - [ 29-mar-2016 ] [ - ]
wrockwardinewoodartsacademy.com - [ 07-mar-2016 ] [ BaseKit owned ]
wvrampage.com - [ 11-mar-2016 ] [ - ]
0ne-click.com - [ 21-apr-2016 ] [ - ]
2424cars.co.uk - [ 20-Oct-2016 ] [ - ]
24pembridge.com - [ 24-oct-2016 ] [ BaseKit owned ]
30by30.co.uk - [ 19-Jun-2016 ] [ - ]
4frog.com - [ 12-nov-2019 ] [ - ]
4whitewalls.co.uk - [ 14-Jun-2016 ] [ - ]
94weststreet.com - [ 02-aug-2016 ] [ BaseKit owned ]
aaronsjewelry.com - [ 15-feb-2017 ] [ - ]
abifawcett.com - [ 08-oct-2016 ] [ BaseKit owned ]
abseals.co.uk - [ 29-Mar-2016 ] [ BaseKit owned ]
acaccess.co.uk - [ 18-Apr-2016 ] [ BaseKit owned ]
academiaseram.com - [ 14-dec-2016 ] [ - ]
accelerasia.com - [ 08-dec-2016 ] [ - ]
acrosstheboards.co.uk - [ 10-Jul-2016 ] [ - ]
action-for-floods.com - [ 22-mar-2016 ] [ BaseKit owned ]
actionforfloods.com - [ 15-jul-2016 ] [ - ]
acuacanal.com - [ 28-may-2016 ] [ - ]
adamgoodchild.co.uk - [ 27-Dec-2016 ] [ - ]
adelgacepanama.com - [ 02-may-2016 ] [ - ]
ademarshphotography.co.uk - [ 11-Oct-2021 ] [ - ]
adriaanvanderhek.com - [ 11-oct-2016 ] [ - ]
advantagrowup.com - [ 26-mar-2016 ] [ - ]
advertime.co.uk - [ 06-May-2016 ] [ - ]
agrodevelopmentsolutions.com - [ 26-mar-2016 ] [ - ]
agudoprocurador.com - [ 26-apr-2016 ] [ - ]
aic-internacional.com - [ 02-mar-2017 ] [ - ]
aide-informatica.com - [ 21-jan-2017 ] [ - ]
akstaxispetersfield.co.uk - [ 26-Mar-2016 ] [ BaseKit owned ]
alanmolina.co.uk - [ 06-Sep-2017 ] [ BaseKit owned ]
albergodiffusocrispolti.com - [ 11-mar-2017 ] [ BaseKit owned ]
alia-mantenimiento-comunidades.com - [ 26-feb-2017 ] [ - ]
aliftfacelifthuddersfield.co.uk - [ 23-Feb-2017 ] [ - ]
allingoodhands.co.uk - [ 12-Oct-2016 ] [ - ]
alphasecuritycolombia.com - [ 07-mar-2016 ] [ - ]
altel.org.uk - [ 27-Sep-2017 ] [ - ]
alternativesnewham.org.uk - [ 13-Oct-2017 ] [ - ]
alverthorpesurgery.co.uk - [ 20-Jan-2020 ] [ BaseKit owned ]
amocoisasdimaria.com - [ 11-jul-2016 ] [ - ]
amotapachula.com - [ 21-feb-2017 ] [ BaseKit owned ]
amscopiers.com - [ 05-jul-2016 ] [ - ]
amyhcwilson.co.uk - [ 03-Jan-2017 ] [ - ]
amyhcwilson.com - [ 26-apr-2016 ] [ - ]
ancatltd.com - [ 03-sep-2016 ] [ - ]
anchorupton.co.uk - [ 17-Feb-2017 ] [ - ]
andreabrooks.co.uk - [ 16-Oct-2016 ] [ - ]
andrewmillssurveyors.co.uk - [ 01-Jul-2017 ] [ - ]
angelcarehome.co.uk - [ 20-May-2018 ] [ - ]
angelsanzo.com - [ 13-jan-2017 ] [ - ]
appletonweiner.co.uk - [ 28-Mar-2025 ] [ - ]
aptdigital.co.uk - [ 21-May-2017 ] [ - ]
arkhibuild.co.uk - [ 13-Jul-2016 ] [ - ]
arkhibuild.com - [ 13-jul-2016 ] [ - ]
artuncinetci.com - [ 22-mar-2016 ] [ - ]
asasolutions.co.uk - [ 13-Apr-2016 ] [ - ]
asdcustom.co.uk - [ 11-Jun-2016 ] [ BaseKit owned ]
asdlimited.co.uk - [ 08-Apr-2017 ] [ BaseKit owned ]
aspirecourses.co.uk - [ 30-Jan-2017 ] [ - ]
asthestarsofthesky.com - [ 19-mar-2017 ] [ - ]
astleyeventhire.co.uk - [ 07-Jan-2017 ] [ - ]
ategan.net - [ 21-apr-2016 ] [ - ]
ateliermargaridacolorida.com - [ 01-jun-2016 ] [ - ]
ateliers-souris-verte.com - [ 04-jan-2017 ] [ - ]
aticsa.net - [ 09-dec-2016 ] [ - ]
atouchofvintageuk.com - [ 14-oct-2016 ] [ - ]
attaiin.com - [ 30-dec-2017 ] [ - ]
aturfeetjesus.org.uk - [ 05-Feb-2017 ] [ BaseKit owned ]
atvquadbikesales.co.uk - [ 18-Nov-2016 ] [ - ]
auroraurbano.com - [ 13-aug-2016 ] [ - ]
aviasa-fbo.com - [ 01-dec-2016 ] [ - ]
aylesburybrewhouse.co.uk - [ 16-Nov-2017 ] [ - ]
b-aid.org.uk - [ 11-Feb-2017 ] [ - ]
babyzoneguarderiamovil.com - [ 24-oct-2016 ] [ BaseKit owned ]
bahai.org.uk - [ 10-Oct-2017 ] [ - ]
bakekit.me.uk - [ 15-Oct-2016 ] [ - ]
barwheysdairy.co.uk - [ 22-Jan-2018 ] [ - ]
baseinfraestructuras.com - [ 18-feb-2017 ] [ - ]
beauteforever.co.uk - [ 01-Sep-2016 ] [ BaseKit owned ]
beautifulimageweddings.co.uk - [ 30-Aug-2016 ] [ - ]
becochicaccessories.co.uk - [ 23-Aug-2016 ] [ - ]
beecharchitects.com - [ 08-dec-2016 ] [ BaseKit owned ]
belamourboutique.co.uk - [ 11-Jun-2016 ] [ - ]
belamourboutique.com - [ 11-jun-2016 ] [ - ]
believeclothing.co.uk - [ 31-Mar-2017 ] [ - ]
bendanielsmemorialfund.com - [ 27-may-2017 ] [ - ]
benthambeauty.co.uk - [ 18-Jun-2016 ] [ - ]
bentleyprestigehire.co.uk - [ 26-Jan-2017 ] [ - ]
bentomato.com - [ 11-aug-2016 ] [ - ]
bertinaleycare.co.uk - [ 10-May-2016 ] [ - ]
bigtopcounselingconsulting.com - [ 25-apr-2016 ] [ - ]
bikeframevulz.com - [ 14-feb-2017 ] [ - ]
bikepartsvulz.com - [ 07-jul-2016 ] [ - ]
biketaiwanvulz.com - [ 07-jul-2016 ] [ - ]
billymcgregor.com - [ 21-nov-2016 ] [ - ]
birthingbelief.co.uk - [ 26-Aug-2017 ] [ - ]
blindaohiphopwear.com - [ 08-jul-2016 ] [ - ]
blossomcards.co.uk - [ 06-Apr-2017 ] [ - ]
bluegroupspares.com - [ 13-sep-2017 ] [ - ]
bodascuernavaca.com - [ 24-mar-2016 ] [ - ]
boiler-installation-harrow.co.uk - [ 28-Nov-2016 ] [ - ]
boiler-installation-watford.co.uk - [ 28-Nov-2016 ] [ - ]
bonjourcanard.co.uk - [ 17-Feb-2018 ] [ - ]
boothtube.co.uk - [ 06-Jan-2017 ] [ - ]
bordapro.com - [ 06-aug-2016 ] [ BaseKit owned ]
breakspa.net - [ 21-mar-2016 ] [ BaseKit owned ]
briarmead.co.uk - [ 24-Apr-2017 ] [ BaseKit owned ]
bridge-collaboration.com - [ 16-sep-2020 ] [ - ]
brilloboxart.com - [ 21-jan-2017 ] [ - ]
bristoldivingclub.co.uk - [ 19-Feb-2018 ] [ - ]
bristolguildgallery.co.uk - [ 28-Mar-2016 ] [ - ]
bristoltalkingtherapies.co.uk - [ 18-Jul-2017 ] [ - ]
bristoltalkingtherapy.co.uk - [ 15-Aug-2017 ] [ - ]
britepartnership.co.uk - [ 06-Dec-2016 ] [ - ]
brookemoorhead.com - [ 09-apr-2017 ] [ - ]
bruuseriknauer.com - [ 22-apr-2017 ] [ - ]
bswwaste.com - [ 25-feb-2017 ] [ - ]
buinspired.co.uk - [ 03-Apr-2016 ] [ - ]
burnscontructioncompany.com - [ 09-dec-2016 ] [ - ]
butlerextensions.co.uk - [ 01-Sep-2016 ] [ - ]
cafe-3.co.uk - [ 10-May-2017 ] [ - ]
caioalbernaz.com - [ 28-jun-2016 ] [ BaseKit owned ]
calhasfenix.com - [ 01-aug-2016 ] [ - ]
calknits.co.uk - [ 21-Jan-2017 ] [ BaseKit owned ]
caringcountryvets.com - [ 06-mar-2017 ] [ BaseKit owned ]
carltonresearch.co.uk - [ 13-Nov-2016 ] [ - ]
carnetdevoyagemdq.com - [ 19-sep-2016 ] [ BaseKit owned ]
carvalet-uk.com - [ 31-jan-2017 ] [ BaseKit owned ]
casadecristogdl.com - [ 06-feb-2017 ] [ BaseKit owned ]
casellablue.com - [ 01-feb-2017 ] [ BaseKit owned ]
casinohirecompany.co.uk - [ 13-May-2016 ] [ - ]
casinohirecompany.com - [ 13-may-2016 ] [ - ]
casinohirelondon.com - [ 15-feb-2018 ] [ - ]
catalogobanos.com - [ 19-sep-2016 ] [ - ]
catteryandover.co.uk - [ 08-May-2016 ] [ - ]
catterybasingstoke.co.uk - [ 08-May-2016 ] [ - ]
catterywinchester.co.uk - [ 08-May-2016 ] [ - ]
cedarwoodtrade.com - [ 28-jul-2016 ] [ - ]
centrodeenfermedadesgastrointestinales.com - [ 31-jan-2017 ] [ - ]
centrovacacionalvillatatiana.com - [ 06-jul-2016 ] [ - ]
chalkyscider.co.uk - [ 20-Aug-2016 ] [ - ]
chalkyscider.com - [ 20-aug-2016 ] [ - ]
chase-wood.com - [ 22-jun-2016 ] [ BaseKit owned ]
chateaugrandgrange.com - [ 13-aug-2019 ] [ - ]
chefhungskitchen.com - [ 04-jan-2018 ] [ - ]
chesterpaving.com - [ 20-may-2016 ] [ - ]
chevoor.com - [ 05-dec-2016 ] [ - ]
chiapanequisimo.com - [ 19-jan-2017 ] [ - ]
chopiando.com - [ 10-dec-2016 ] [ - ]
chrishawes.net - [ 23-aug-2016 ] [ - ]
chriskeegan.co.uk - [ 12-Nov-2021 ] [ - ]
christ-fellowship.net - [ 13-feb-2017 ] [ - ]
christieherrera.com - [ 03-jul-2016 ] [ - ]
christmascasinos.co.uk - [ 11-Nov-2016 ] [ - ]
christospaleochora.com - [ 02-jun-2016 ] [ - ]
chromehair.co.uk - [ 19-Oct-2016 ] [ - ]
chyeme.com - [ 10-nov-2016 ] [ - ]
ciaopaolo.co.uk - [ 16-Aug-2017 ] [ - ]
circlecityrs.com - [ 05-mar-2017 ] [ BaseKit owned ]
citycook.co.uk - [ 25-Sep-2016 ] [ - ]
cityphotopro.com - [ 27-jan-2017 ] [ BaseKit owned ]
cityplanag.com - [ 02-feb-2017 ] [ - ]
cjdancing.com - [ 27-jul-2016 ] [ - ]
clinicaespino.com - [ 05-jul-2016 ] [ - ]
clinicamartinelligarcia.net - [ 19-mar-2016 ] [ BaseKit owned ]
clinicasantamariadeguadalupe.com - [ 29-jun-2016 ] [ - ]
clivedenmedical.com - [ 03-mar-2017 ] [ - ]
closeupmagicianlondon.com - [ 09-feb-2017 ] [ - ]
clubedovinhosiciliano.com - [ 19-aug-2016 ] [ - ]
cmdkeyllc.com - [ 11-aug-2016 ] [ - ]
co2t.co.uk - [ 30-Nov-2017 ] [ - ]
cohensystems.com - [ 01-mar-2017 ] [ - ]
collisionworkwear.co.uk - [ 14-Dec-2017 ] [ - ]
colourschemer.co.uk - [ 27-Jun-2016 ] [ - ]
commandkeyllc.com - [ 30-jul-2016 ] [ - ]
communityparamedics.co.uk - [ 13-Oct-2017 ] [ - ]
confettiimages.co.uk - [ 29-Nov-2016 ] [ - ]
connectingvenues.com - [ 28-feb-2017 ] [ - ]
contabilizamos.com - [ 12-dec-2016 ] [ - ]
controlled-interiors.co.uk - [ 12-Feb-2018 ] [ - ]
contudepa.com - [ 02-apr-2016 ] [ BaseKit owned ]
conversationcards.co.uk - [ 26-Apr-2016 ] [ - ]
cookmovestore.co.uk - [ 21-Feb-2018 ] [ - ]
copenhagenfutureclub.com - [ 30-jan-2017 ] [ - ]
correiodachapada.com - [ 20-nov-2016 ] [ - ]
cotleyhillstud.com - [ 20-mar-2017 ] [ - ]
countryandclub.co.uk - [ 14-Oct-2016 ] [ BaseKit owned ]
coxforddowncattery.co.uk - [ 11-Jun-2023 ] [ - ]
coxforddowncattery.com - [ 08-may-2016 ] [ - ]
cphfutureclub.com - [ 30-jan-2017 ] [ - ]
craftylittlecottage.co.uk - [ 17-Oct-2016 ] [ - ]
craigwilsoncreative.co.uk - [ 16-Aug-2016 ] [ - ]
cranksetvulz.com - [ 07-jul-2016 ] [ - ]
crbomjesus.com - [ 28-may-2016 ] [ BaseKit owned ]
creativehouse.org.uk - [ 06-Apr-2016 ] [ - ]
creativepatterncutting.com - [ 09-mar-2016 ] [ - ]
creaturespeak.com - [ 07-feb-2019 ] [ - ]
crossleazestudios.com - [ 06-sep-2016 ] [ BaseKit owned ]
crossvergence.com - [ 14-jan-2017 ] [ - ]
ctbrepairs.co.uk - [ 27-Feb-2016 ] [ - ]
cuaderno43.net - [ 06-jun-2016 ] [ - ]
cubicprime.com - [ 08-jan-2020 ] [ - ]
culcheth.com - [ 08-dec-2016 ] [ - ]
cwirap.com - [ 10-jul-2016 ] [ BaseKit owned ]
cycles4.me - [ Date:02-Nov-2016 ] [ BaseKit owned ]
cydcasados.com - [ 21-nov-2016 ] [ - ]
daferint.com - [ 16-apr-2016 ] [ BaseKit owned ]
dagmarzazvurkova.com - [ 09-dec-2016 ] [ - ]
daisysfurniture.co.uk - [ 13-May-2017 ] [ - ]
dampeetextile.com - [ 23-aug-2016 ] [ - ]
darlingtonfolkclub.com - [ 06-jan-2017 ] [ - ]
darlingtonrdr.com - [ 17-feb-2017 ] [ - ]
dashboardmedia.co.uk - [ 22-Oct-2016 ] [ - ]
dasomil-estilistas.com - [ 26-apr-2016 ] [ - ]
davestartupdesigns.com - [ 07-dec-2017 ] [ - ]
davidbackham.co.uk - [ 17-Aug-2016 ] [ - ]
davidbracegirdle.com - [ 09-aug-2016 ] [ - ]
davidmacilwaine.com - [ 06-mar-2017 ] [ - ]
davidrosemassom.co.uk - [ 15-May-2017 ] [ - ]
dazzlingdesignsfaceandbodyart.co.uk - [ 31-Dec-2017 ] [ - ]
denisdoffdesign.com - [ 01-apr-2016 ] [ - ]
dentistas-aravaca-pozuelo.com - [ 08-feb-2017 ] [ - ]
dianawestlake.com - [ 09-jul-2016 ] [ - ]
dicocsa.com - [ 12-apr-2016 ] [ BaseKit owned ]
dietoterapiachinesa.com - [ 15-may-2016 ] [ - ]
dif-entrenamiento-funcional.com - [ 15-apr-2017 ] [ - ]
dif-fitness.com - [ 15-apr-2016 ] [ - ]
digitaleme.com - [ 10-sep-2016 ] [ BaseKit owned ]
dilmar.net - [ 01-apr-2016 ] [ BaseKit owned ]
directoriomedicochiriqui.com - [ 14-mar-2016 ] [ BaseKit owned ]
directorioporespecialidadmedica.com - [ 19-sep-2016 ] [ BaseKit owned ]
directoriosdepanama.com - [ 02-may-2016 ] [ - ]
dirtydisko.co.uk - [ 11-Apr-2016 ] [ - ]
discotecamovilatomica.com - [ 15-apr-2016 ] [ BaseKit owned ]
disegnarte.com - [ 23-nov-2017 ] [ - ]
disneysanctuaryvilla.com - [ 17-jul-2016 ] [ - ]
divino-amore.com - [ 28-jan-2018 ] [ - ]
dmurphyarchitect.com - [ 30-jan-2017 ] [ BaseKit owned ]
dnaprotec.com - [ 10-dec-2016 ] [ - ]
doctoralonsoalvarado.com - [ 23-dec-2016 ] [ - ]
doctorluisjaviercardenas.com - [ 03-dec-2016 ] [ - ]
doctorrubenurena.com - [ 10-dec-2016 ] [ - ]
docugan.com - [ 29-may-2016 ] [ - ]
doriss.co.uk - [ 22-Mar-2016 ] [ - ]
doverivermedia.co.uk - [ 04-Dec-2016 ] [ - ]
dozys.co.uk - [ 14-Mar-2016 ] [ - ]
dr-guillemlopezburguete.com - [ 17-oct-2016 ] [ - ]
driftingstride.com - [ 04-feb-2017 ] [ - ]
drinkdriverehab.co.uk - [ 30-Jan-2017 ] [ - ]
drivingcrawley.co.uk - [ 20-Apr-2016 ] [ BaseKit owned ]
drivinginstructor-basingstoke.co.uk - [ 30-May-2016 ] [ - ]
dual-energy.co.uk - [ 23-Oct-2017 ] [ - ]
dual-telecom.co.uk - [ 13-May-2017 ] [ - ]
duncanmarshall.co.uk - [ 20-Feb-2018 ] [ - ]
dura-print.co.uk - [ 31-Jul-2017 ] [ - ]
e-volveconsultingllc.com - [ 26-may-2016 ] [ - ]
easonus.com - [ 17-mar-2016 ] [ - ]
eastcoastcars.co.uk - [ 27-Jun-2016 ] [ BaseKit owned ]
ecocleanwindows.co.uk - [ 03-Mar-2017 ] [ - ]
ecommerceshoes.net - [ 29-aug-2016 ] [ - ]
edenventures.co.uk - [ 09-Apr-2017 ] [ - ]
eduardalemany.com - [ 10-apr-2016 ] [ - ]
eemconsultoria.com - [ 01-mar-2017 ] [ BaseKit owned ]
elenabkmexico.com - [ 14-jan-2017 ] [ - ]
eletroclimasolucoes.com - [ 24-apr-2016 ] [ - ]
elkhornpropertieswv.com - [ 14-jun-2018 ] [ - ]
elkinsmedicalspa.com - [ 14-feb-2018 ] [ - ]
ellejenkinson.com - [ 13-may-2019 ] [ - ]
elphite.co.uk - [ 12-Jan-2017 ] [ - ]
embroiderydigitisation.co.uk - [ 02-Jul-2016 ] [ BaseKit owned ]
emigfloreria.com - [ 30-apr-2016 ] [ BaseKit owned ]
emilyjanehair.co.uk - [ 04-Aug-2016 ] [ - ]
emilyvanevera.com - [ 22-jul-2017 ] [ - ]
emmatopping.co.uk - [ 21-Jun-2017 ] [ - ]
enclavehouse.com - [ 01-jun-2016 ] [ - ]
endeavourwoodcrafts.com - [ 02-feb-2017 ] [ - ]
engfinfx.co.uk - [ 17-Sep-2017 ] [ - ]
enginesandstreetrods.com - [ 01-jul-2016 ] [ - ]
entertainmentinsights.com - [ 24-dec-2016 ] [ - ]
epicshotsphotography.com - [ 01-feb-2017 ] [ - ]
equine-therapeutics.co.uk - [ 23-Aug-2016 ] [ - ]
equitacionespigares.com - [ 05-sep-2016 ] [ BaseKit owned ]
erinvalebnb.co.uk - [ 06-Jul-2016 ] [ - ]
esconstruccionesltda.com - [ 27-mar-2016 ] [ BaseKit owned ]
escuelainfantildisney.com - [ 15-may-2016 ] [ BaseKit owned ]
esehealth.com - [ 10-may-2018 ] [ - ]
essexweddingwunderbug.com - [ 28-may-2016 ] [ - ]
estratevents.com - [ 08-jul-2021 ] [ - ]
eveborley.com - [ 26-dec-2017 ] [ - ]
eventphotographer.org.uk - [ 21-Nov-2016 ] [ - ]
evolveathletictraining.co.uk - [ 22-Nov-2016 ] [ - ]
exeteraccountancyservices.co.uk - [ 26-May-2016 ] [ - ]
eyelush.co.uk - [ 12-Jun-2017 ] [ - ]
fa-jewelry.co.uk - [ 14-Jun-2016 ] [ BaseKit owned ]
facetransfers.co.uk - [ 20-Dec-2016 ] [ - ]
familygites.co.uk - [ 01-Oct-2017 ] [ - ]
fdixconsulting.com - [ 18-sep-2016 ] [ - ]
felcanconsult.com - [ 09-jul-2016 ] [ - ]
fenbridge.co.uk - [ 25-Oct-2016 ] [ - ]
fight-director.co.uk - [ 16-Jan-2017 ] [ - ]
filmikpictures.com - [ 15-sep-2016 ] [ - ]
finer-living.co.uk - [ 22-Sep-2016 ] [ - ]
fioribylynne.co.uk - [ 06-Sep-2017 ] [ - ]
fioribylynne.com - [ 22-nov-2017 ] [ - ]
firena.co.uk - [ 22-Nov-2017 ] [ - ]
firstcarrickpres.co.uk - [ 14-Jan-2025 ] [ - ]
firsttake.org.uk - [ 29-Jan-2017 ] [ - ]
fittedkitchensfareham.co.uk - [ 14-May-2017 ] [ - ]
fittedkitchenshampshire.co.uk - [ 13-May-2017 ] [ - ]
fittleworthcubs.co.uk - [ 02-Aug-2016 ] [ - ]
flashfloorplans.com - [ 29-oct-2016 ] [ - ]
florenceandbette.co.uk - [ 25-Apr-2016 ] [ BaseKit owned ]
florenceandbette.com - [ 25-apr-2016 ] [ BaseKit owned ]
foodbynature.co.uk - [ 05-May-2016 ] [ - ]
foodbynature.com - [ 19-jul-2017 ] [ - ]
foreverfitness.co.uk - [ 17-Sep-2017 ] [ - ]
fpfx.co.uk - [ 24-Jan-2017 ] [ - ]
francoworldwide.com - [ 27-mar-2017 ] [ - ]
fryp.org.uk - [ 18-Nov-2017 ] [ - ]
furrylizard.co.uk - [ 27-Oct-2016 ] [ - ]
gabeliahome.com - [ 16-aug-2016 ] [ - ]
gainsurance.co.uk - [ 21-Dec-2017 ] [ - ]
gamingeconomics.com - [ 04-jul-2017 ] [ - ]
genesisnetball.co.uk - [ 27-Mar-2016 ] [ - ]
genieinthegutter.co.uk - [ 08-Aug-2018 ] [ - ]
ghosaresearch.com - [ 24-may-2019 ] [ - ]
gillyportfolio.co.uk - [ 12-Nov-2016 ] [ - ]
gloucestershire-builders.co.uk - [ 09-Mar-2016 ] [ - ]
gobanners.co.uk - [ 28-Sep-2017 ] [ - ]
gonnyglass.co.uk - [ 10-Apr-2016 ] [ BaseKit owned ]
gooseandberryweddings.co.uk - [ 05-Nov-2016 ] [ - ]
gooseandberryweddings.com - [ 05-nov-2016 ] [ - ]
goprizm.com - [ 21-feb-2017 ] [ - ]
gordanogas.co.uk - [ 08-May-2016 ] [ - ]
gordanogas.org.uk - [ 08-May-2016 ] [ - ]
gordonplant.co.uk - [ 06-Aug-2016 ] [ - ]
goshbristol.com - [ 22-nov-2017 ] [ - ]
gradeacommunications.net - [ 10-mar-2017 ] [ - ]
granddesignservices.com - [ 10-nov-2016 ] [ - ]
gravelgirlworld.co.uk - [ 29-May-2016 ] [ - ]
graylamontagne.com - [ 15-dec-2021 ] [ - ]
greenheartfurniture.co.uk - [ 15-Jun-2016 ] [ - ]
greensteadanimalfeeds.co.uk - [ 23-Nov-2017 ] [ - ]
greensteadanimalfeeds.co.uk - [ 23-Nov-2017 ] [ - ]
grovefarmcotswoldcottages.co.uk - [ 02-Aug-2017 ] [ - ]
grubbies.co.uk - [ 06-Oct-2018 ] [ - ]
grupodaen.com - [ 26-nov-2016 ] [ - ]
grupohumanauto.com - [ 09-feb-2017 ] [ - ]
grupojdenergy.com - [ 04-apr-2016 ] [ - ]
grupokom.com - [ 29-aug-2016 ] [ BaseKit owned ]
gtssigndesign.com - [ 14-dec-2016 ] [ - ]
guadachef.com - [ 31-jul-2016 ] [ - ]
gulraizwelfaretrust.org.uk - [ 29-May-2016 ] [ - ]
guylymer.co.uk - [ 22-Feb-2018 ] [ - ]
hairsquaremansfield.com - [ 14-oct-2016 ] [ - ]
haloshairstudio.co.uk - [ 29-Apr-2017 ] [ - ]
hannahbourke.co.uk - [ 26-Feb-2016 ] [ BaseKit owned ]
hardingspictureframing.co.uk - [ 04-Apr-2017 ] [ - ]
harjitchanafitness.com - [ 19-mar-2016 ] [ BaseKit owned ]
haywoodart.co.uk - [ 06-Dec-2016 ] [ - ]
haywooddesigns.co.uk - [ 24-Nov-2016 ] [ - ]
haywoodindustries.co.uk - [ 26-Nov-2016 ] [ - ]
haywoodindustries.com - [ 26-nov-2016 ] [ - ]
haywoodpae.co.uk - [ 05-Dec-2016 ] [ - ]
haywoodprintingandembroidery.co.uk - [ 05-Dec-2016 ] [ - ]
heathsfarmshop.co.uk - [ 07-Nov-2016 ] [ BaseKit owned ]
heathsidevets.co.uk - [ 18-Jan-2017 ] [ - ]
henrysbarexeter.co.uk - [ 14-Feb-2016 ] [ - ]
hensonwebb.com - [ 04-sep-2016 ] [ - ]
hestyling.co.uk - [ 15-May-2017 ] [ - ]
hfeducate.com - [ 20-jun-2016 ] [ - ]
hi-cleanservices.co.uk - [ 12-Jan-2017 ] [ - ]
hicleanservices.co.uk - [ 26-Mar-2017 ] [ - ]
highgrove-group.co.uk - [ 01-Jan-2017 ] [ - ]
hlaunion.com - [ 24-mar-2016 ] [ - ]
hombrecabra.com - [ 24-may-2016 ] [ - ]
hor2.com - [ 09-jul-2018 ] [ - ]
hotelcolon27.com - [ 21-nov-2016 ] [ - ]
hotelvillatatiana.com - [ 11-jun-2016 ] [ - ]
howardandhowardevents.com - [ 06-mar-2017 ] [ - ]
hqstones.com - [ 27-jul-2016 ] [ - ]
hughkime.co.uk - [ 03-Sep-2016 ] [ - ]
hypnotherapyhenleaze.co.uk - [ 15-Aug-2017 ] [ - ]
hypnotherapywithsusan.co.uk - [ 21-Jan-2018 ] [ - ]
iamjunior.co.uk - [ 04-Feb-2017 ] [ - ]
iamrabbit.co.uk - [ 29-Mar-2017 ] [ - ]
iantimothy.com - [ 20-aug-2016 ] [ BaseKit owned ]
ibsolutionsgroup.com - [ 27-oct-2016 ] [ - ]
icliper.com - [ 30-oct-2016 ] [ - ]
icmcltd.co.uk - [ 31-Jan-2018 ] [ - ]
ideing.com - [ 16-oct-2016 ] [ - ]
iforrester.com - [ 09-jun-2016 ] [ - ]
ifuencarral.com - [ 25-jan-2017 ] [ - ]
igalcam.com - [ 20-nov-2016 ] [ - ]
igmf.co.uk - [ 07-Jul-2016 ] [ - ]
ignaciojimeneza.com - [ 02-dec-2016 ] [ BaseKit owned ]
ignicionsoftware.com - [ 19-jun-2016 ] [ BaseKit owned ]
ignite-eco.co.uk - [ 03-Jul-2016 ] [ BaseKit owned ]
imparecorpus.com - [ 11-sep-2016 ] [ - ]
implanteunicsul.com - [ 05-feb-2017 ] [ - ]
independentfascism.com - [ 28-apr-2016 ] [ - ]
ingenieriaelectricaindustrial.com - [ 10-nov-2016 ] [ - ]
inove-rn.com - [ 20-may-2016 ] [ - ]
inprotectreinamentos.com - [ 24-mar-2016 ] [ - ]
insidefuturenothing.com - [ 20-jan-2017 ] [ - ]
instepwv.com - [ 05-dec-2016 ] [ - ]
interculture.com - [ 26-may-2016 ] [ - ]
internationalpayments.net - [ 01-mar-2017 ] [ - ]
intimacyclinic.co.uk - [ 12-Dec-2017 ] [ - ]
iq-therm.co.uk - [ 15-Feb-2019 ] [ - ]
irisheye.co.uk - [ 18-Jan-2018 ] [ - ]
isabelguerra-oficial.com - [ 03-mar-2017 ] [ - ]
islandlocks.co.uk - [ 08-Apr-2017 ] [ - ]
jaclynlewis.co.uk - [ 21-Jun-2022 ] [ - ]
jade-hudson.com - [ 09-feb-2017 ] [ - ]
jameschristiemusic.com - [ 04-sep-2021 ] [ - ]
jamesmichael-music.uk - [ 02-Jul-2016 ] [ - ]
jameswrayweddings.com - [ 11-jan-2017 ] [ - ]
jamonessalazar.com - [ 15-may-2016 ] [ - ]
jandepignon.co.uk - [ 20-May-2017 ] [ - ]
janscakes-romford.co.uk - [ 17-Jan-2018 ] [ - ]
jasper-anthony.co.uk - [ 22-Aug-2016 ] [ - ]
jelleclaeys.com - [ 22-sep-2016 ] [ - ]
jemmaskidmoremusic.co.uk - [ 07-Oct-2016 ] [ BaseKit owned ]
jesmarquitectura.com - [ 22-mar-2017 ] [ BaseKit owned ]
jfecreative.com - [ 21-apr-2016 ] [ - ]
jimenezjaime.net - [ 05-feb-2019 ] [ - ]
joelallison.co.uk - [ 15-Oct-2016 ] [ - ]
joellongbone.com - [ 24-nov-2016 ] [ - ]
johnfarney-tarmaccontractors.co.uk - [ 22-Jul-2016 ] [ - ]
jontaylerbrandstrategy.com - [ 06-feb-2017 ] [ - ]
josemanuel-sanchez.com - [ 28-dec-2016 ] [ - ]
josholdaker.com - [ 13-feb-2017 ] [ - ]
joyluc.com - [ 24-mar-2017 ] [ - ]
jugones.me - [ Date:31-Jan-2017 ] [ BaseKit owned ]
justhomeimprovements.co.uk - [ 29-May-2016 ] [ - ]
jwkegs.co.uk - [ 14-Nov-2016 ] [ - ]
kanixul.com - [ 28-jul-2017 ] [ - ]
karloscostaestilistas.com - [ 14-nov-2016 ] [ - ]
kassurveyingservices.com - [ 27-feb-2017 ] [ BaseKit owned ]
kent-engine-clean.com - [ 25-aug-2016 ] [ BaseKit owned ]
kerisagdl.com - [ 07-jan-2017 ] [ BaseKit owned ]
kgmu.com - [ 27-dec-2016 ] [ - ]
kidipics.com - [ 03-dec-2016 ] [ - ]
kildarestables.com - [ 20-sep-2016 ] [ - ]
killerinyou.com - [ 01-feb-2017 ] [ - ]
kinatra.com - [ 24-jun-2016 ] [ - ]
kirstenlittle.com - [ 09-jan-2017 ] [ BaseKit owned ]
kitchensfareham.co.uk - [ 13-May-2017 ] [ - ]
kitsunetsuki.co.uk - [ 25-Jul-2016 ] [ - ]
km-cs.co.uk - [ 01-Oct-2017 ] [ - ]
komodoproductions.co.uk - [ 03-Jul-2018 ] [ - ]
labs-eu.com - [ 18-mar-2016 ] [ - ]
lakesidemanitou.com - [ 01-jun-2016 ] [ - ]
landlore.co.uk - [ 21-Jan-2018 ] [ - ]
latartaruga.co.uk - [ 21-Dec-2017 ] [ - ]
lavendersbeauty.co.uk - [ 17-May-2017 ] [ - ]
lawrencerussell.co.uk - [ 28-Aug-2016 ] [ - ]
lcbelectrical.com - [ 31-jul-2020 ] [ - ]
leadershipthatcares.com - [ 07-oct-2016 ] [ - ]
lecolilearning.co.uk - [ 01-Nov-2016 ] [ - ]
lemoulindemalineau.com - [ 17-aug-2016 ] [ - ]
leodensian.co.uk - [ 16-Nov-2016 ] [ - ]
leonskaja.com - [ 28-may-2016 ] [ - ]
lifereflectionsllc.com - [ 05-feb-2019 ] [ - ]
linkedenergy.co.uk - [ 22-Oct-2017 ] [ - ]
lipsticklounge.co.uk - [ 03-Dec-2017 ] [ - ]
livtid.com - [ 15-dec-2016 ] [ - ]
lizianevents.com - [ 05-may-2016 ] [ BaseKit owned ]
lizpbktry.co.uk - [ 16-Feb-2017 ] [ - ]
llanddewi-rhydderch-chapel.co.uk - [ 10-Nov-2017 ] [ - ]
lodds.co.uk - [ 26-Oct-2016 ] [ - ]
lolaviesubli.me - [ Date:13-Jun-2016 ] [ BaseKit owned ]
londoncasinohire.com - [ 22-aug-2016 ] [ - ]
londoncitypattesting.com - [ 05-mar-2017 ] [ - ]
longislandrecordingstudiosny.com - [ 25-jun-2016 ] [ - ]
lovelittleshops.co.uk - [ 11-Jan-2017 ] [ BaseKit owned ]
lplatesdrivingschool.co.uk - [ 29-Jun-2019 ] [ - ]
ltsbridgend.co.uk - [ 25-Apr-2016 ] [ - ]
ltspencoed.co.uk - [ 25-Apr-2016 ] [ - ]
luckslane.com - [ 13-may-2016 ] [ - ]
lucyjfreeman.com - [ 28-dec-2016 ] [ - ]
lugaresnotaveis.com - [ 26-aug-2016 ] [ - ]
lukecarbyphotography.com - [ 13-jan-2017 ] [ - ]
luminousrobots.com - [ 23-aug-2016 ] [ - ]
luxestore.co.uk - [ 12-Oct-2016 ] [ - ]
luxuryassets.co.uk - [ 11-Dec-2017 ] [ BaseKit owned ]
lynnecartlidge.com - [ 05-sep-2016 ] [ - ]
maccgardens.com - [ 24-jan-2017 ] [ - ]
maccmusic.com - [ 05-nov-2016 ] [ BaseKit owned ]
madridcertificadoenergetico.com - [ 26-sep-2016 ] [ - ]
madridconstruccioneseficientes.com - [ 18-jan-2017 ] [ - ]
madridites.com - [ 26-sep-2016 ] [ - ]
magichourshow.com - [ 03-feb-2017 ] [ - ]
mahnoorali.com - [ 01-nov-2016 ] [ - ]
mailapprover.co.uk - [ 18-Mar-2016 ] [ - ]
mailapprover.com - [ 29-mar-2016 ] [ - ]
mailtestqatest.co.uk - [ 09-Nov-2016 ] [ - ]
makeabrand.co.uk - [ 19-Jun-2016 ] [ - ]
makeyourowncap.co.uk - [ 11-Apr-2017 ] [ BaseKit owned ]
makeyourowncap.com - [ 11-apr-2016 ] [ - ]
makeyourownsnapback.co.uk - [ 11-Apr-2017 ] [ BaseKit owned ]
makeyourownsnapback.com - [ 11-apr-2016 ] [ BaseKit owned ]
mallorcaproject.com - [ 14-feb-2017 ] [ - ]
malthousetreburrick.co.uk - [ 25-Jan-2018 ] [ - ]
mammothcards.co.uk - [ 30-May-2016 ] [ - ]
manueldocavo.com - [ 28-oct-2016 ] [ - ]
marcoslabraga.com - [ 04-may-2016 ] [ BaseKit owned ]
marcusjonesplumbing.co.uk - [ 24-Oct-2017 ] [ - ]
margalicious.co.uk - [ 16-Apr-2016 ] [ - ]
mariateresaciocchi.net - [ 07-feb-2017 ] [ BaseKit owned ]
markjcook.co.uk - [ 26-Nov-2017 ] [ - ]
markmichaelart.com - [ 13-sep-2016 ] [ - ]
marloza.com - [ 27-dec-2019 ] [ - ]
marthagavin.co.uk - [ 09-Jul-2017 ] [ - ]
martinstrong.co.uk - [ 31-Aug-2016 ] [ - ]
maryjanehansen.com - [ 14-sep-2017 ] [ - ]
masonandmason.co.uk - [ 21-Feb-2018 ] [ - ]
massage4wellness.co.uk - [ 21-Aug-2016 ] [ - ]
massage4wellness.com - [ 15-dec-2017 ] [ - ]
materialexplorations.com - [ 21-aug-2017 ] [ - ]
mauroribeiroma.com - [ 09-mar-2017 ] [ BaseKit owned ]
maverickstudios.co.uk - [ 17-Jan-2017 ] [ - ]
maxinewilliamsdesign.co.uk - [ 27-Feb-2017 ] [ BaseKit owned ]
mediosonlinepanama.com - [ 27-oct-2017 ] [ - ]
megancooke.co.uk - [ 13-Sep-2016 ] [ - ]
mejidesign.com - [ 23-jul-2016 ] [ BaseKit owned ]
merceragencies.com - [ 23-jul-2016 ] [ - ]
merrowparkdental.co.uk - [ 17-Feb-2017 ] [ - ]
merrowparkdental.com - [ 17-feb-2017 ] [ - ]
metransformerconsultants.com - [ 08-feb-2017 ] [ - ]
mfdentalcare.co.uk - [ 16-Oct-2016 ] [ - ]
mhscontabil.com - [ 01-oct-2016 ] [ - ]
mi-fx.net - [ 07-oct-2016 ] [ - ]
mimisadventures.com - [ 18-jun-2016 ] [ - ]
mimisadventures.net - [ 18-jun-2016 ] [ - ]
mmudiscounts.co.uk - [ 19-Aug-2016 ] [ - ]
mmyaabogados.com - [ 27-dec-2016 ] [ - ]
modularmamparas.com - [ 21-oct-2016 ] [ - ]
moiseschitrit.net - [ 01-dec-2016 ] [ - ]
mojotriangle.com - [ 04-jan-2017 ] [ - ]
moniquetalks.com - [ 05-aug-2017 ] [ - ]
monterreyscl.com - [ 30-apr-2016 ] [ - ]
monteserenogestion.com - [ 18-feb-2017 ] [ - ]
montlakegolf.com - [ 19-may-2016 ] [ - ]
moonbeamarts.co.uk - [ 08-Jan-2017 ] [ - ]
mootoostudio.co.uk - [ 05-Feb-2022 ] [ - ]
mootoostudio.com - [ 05-feb-2022 ] [ - ]
mosleyand.com - [ 28-mar-2016 ] [ - ]
mossschoolofmotoring.co.uk - [ 04-Dec-2016 ] [ - ]
motorcycleracingmemorabilia.co.uk - [ 09-Oct-2017 ] [ - ]
mousegraphicdesign.com - [ 05-nov-2016 ] [ - ]
mrsteamer.co.uk - [ 06-Jan-2018 ] [ - ]
mtacomms.com - [ 15-nov-2016 ] [ - ]
mulberry-consultants.co.uk - [ 16-Oct-2016 ] [ - ]
mutedsuit.com - [ 11-apr-2016 ] [ - ]
mx5hire.co.uk - [ 14-Aug-2016 ] [ - ]
myboutiquehome.com - [ 06-aug-2021 ] [ - ]
mycornwallproperty.co.uk - [ 19-Aug-2017 ] [ - ]
mydashingdesigns.com - [ 01-aug-2016 ] [ - ]
myemailtest.co.uk - [ 23-Apr-2016 ] [ BaseKit owned ]
nanoelectricbikes.co.uk - [ 14-May-2017 ] [ BaseKit owned ]
narebregion1.com - [ 18-nov-2016 ] [ - ]
narmarajput-tribe.com - [ 17-may-2016 ] [ BaseKit owned ]
natalieandrewsphysiotherapy.co.uk - [ 02-Mar-2018 ] [ - ]
nautacapital.com - [ 22-dec-2018 ] [ - ]
nbwdevelopments.com - [ 18-dec-2016 ] [ - ]
ndsa-uk.com - [ 11-jul-2016 ] [ - ]
neilkapoortennis.co.uk - [ 19-Oct-2018 ] [ - ]
newearthdrinks.com - [ 14-jun-2016 ] [ BaseKit owned ]
ngalamart.net - [ 14-sep-2016 ] [ - ]
nifx.co.uk - [ 27-Nov-2017 ] [ - ]
nipropertyfinance.co.uk - [ 01-Jan-2017 ] [ - ]
nobeliuminterior.com - [ 07-sep-2016 ] [ - ]
nomdeplumecupcakes.co.uk - [ 15-Mar-2016 ] [ - ]
nonstopglobal.co.uk - [ 26-Jul-2016 ] [ - ]
norfolkcolonialhomes.co.uk - [ 02-Feb-2017 ] [ - ]
normanbowman.com - [ 06-mar-2017 ] [ - ]
northcavecars.co.uk - [ 27-Jun-2016 ] [ BaseKit owned ]
northofirelandmotorclub1929.com - [ 17-jun-2016 ] [ - ]
northtawtonyouthfc.co.uk - [ 12-Mar-2016 ] [ BaseKit owned ]
notissystems.com - [ 07-may-2016 ] [ - ]
novaeros.com - [ 15-mar-2016 ] [ BaseKit owned ]
npjc.co.uk - [ 19-Oct-2016 ] [ - ]
nutricionmedicapanama.com - [ 09-dec-2016 ] [ - ]
nyeb.co.uk - [ 15-Aug-2017 ] [ BaseKit owned ]
obesidadpanama.net - [ 22-dec-2016 ] [ - ]
occasioninabox.co.uk - [ 17-Oct-2017 ] [ - ]
ocoyaje.net - [ 03-mar-2017 ] [ - ]
ocularshopservices.com - [ 16-jun-2016 ] [ BaseKit owned ]
oetgaming.co.uk - [ 10-Sep-2016 ] [ - ]
oferbags.com - [ 04-mar-2017 ] [ - ]
oldbeaconsfieldprobus.co.uk - [ 30-Mar-2019 ] [ - ]
onestonepr.com - [ 25-may-2016 ] [ - ]
ontheshortlist.co.uk - [ 13-Dec-2018 ] [ - ]
openkommunikation.com - [ 03-jul-2016 ] [ BaseKit owned ]
openthinkingcard.com - [ 29-mar-2016 ] [ BaseKit owned ]
opticlinic.net - [ 30-mar-2016 ] [ - ]
ourbba.com - [ 22-nov-2016 ] [ - ]
ourbbc.com - [ 11-mar-2016 ] [ - ]
outoftheaeons.com - [ 06-aug-2016 ] [ BaseKit owned ]
oxi-metal.com - [ 22-jul-2016 ] [ - ]
padraopapelarias.com - [ 15-may-2016 ] [ - ]
pairoffeet.com - [ 25-nov-2019 ] [ - ]
panamaextremetechnologies.com - [ 09-sep-2016 ] [ - ]
panamalifestyle.net - [ 27-mar-2016 ] [ - ]
papelmeubem.com - [ 06-aug-2016 ] [ - ]
parkervintage.co.uk - [ 16-Feb-2017 ] [ - ]
parkfieldbreeding.com - [ 15-jun-2016 ] [ BaseKit owned ]
partcloudy.co.uk - [ 04-Nov-2016 ] [ - ]
partycasinohire.co.uk - [ 16-Oct-2016 ] [ - ]
partystatic.com - [ 30-dec-2016 ] [ - ]
pawsandplaques.com - [ 24-apr-2016 ] [ BaseKit owned ]
pbsvisual.com - [ 31-jan-2017 ] [ BaseKit owned ]
pdplandscapeandurbandesign.co.uk - [ 03-Apr-2016 ] [ BaseKit owned ]
peggyloudon.com - [ 13-feb-2017 ] [ - ]
permanenceplay.com - [ 28-mar-2016 ] [ - ]
pharveyandsons.co.uk - [ 29-Oct-2017 ] [ - ]
photo-this.co.uk - [ 09-Sep-2017 ] [ - ]
phototributealbums.com - [ 08-jul-2016 ] [ - ]
pilloskateboardwheels.com - [ 20-feb-2017 ] [ - ]
pinturajuanrodriguez.com - [ 26-oct-2016 ] [ - ]
pistastartan.com - [ 09-jul-2016 ] [ - ]
pizza-italy.net - [ 19-aug-2017 ] [ - ]
pizzalafiorita.com - [ 15-sep-2016 ] [ - ]
platinumheating.co.uk - [ 02-Jan-2020 ] [ - ]
playpleasure.com - [ 10-jul-2016 ] [ - ]
plumbernorthwestlondon.co.uk - [ 15-Apr-2016 ] [ - ]
plumbers-harrow.co.uk - [ 15-Apr-2016 ] [ - ]
polarisfilmproductions.com - [ 17-apr-2016 ] [ BaseKit owned ]
portalmusica.com - [ 04-sep-2016 ] [ - ]
porxas.com - [ 20-mar-2017 ] [ - ]
precision-welding-solutions.co.uk - [ 05-Mar-2017 ] [ BaseKit owned ]
pristinehome.co.uk - [ 25-Nov-2017 ] [ - ]
prodigiouslondon.com - [ 06-mar-2017 ] [ - ]
proearthdev.com - [ 01-feb-2017 ] [ - ]
professionsloans.co.uk - [ 09-May-2017 ] [ - ]
profissionalsindico.com - [ 30-jul-2016 ] [ - ]
projektdesk.com - [ 31-jul-2016 ] [ - ]
promoface.co.uk - [ 12-Mar-2017 ] [ - ]
propertyoutcomes.com - [ 28-feb-2017 ] [ - ]
psicologiagamez.com - [ 16-feb-2017 ] [ BaseKit owned ]
ptphdiesel.com - [ 13-mar-2016 ] [ - ]
qabaspaytest.co.uk - [ 15-Jul-2016 ] [ - ]
qatestsecond.co.uk - [ 09-Nov-2016 ] [ BaseKit owned ]
questexecutive.co.uk - [ 11-Apr-2023 ] [ - ]
quizzum.com - [ 19-apr-2016 ] [ - ]
rafaeltiede.com - [ 14-may-2016 ] [ BaseKit owned ]
rafaelvidalortodontia.com - [ 28-dec-2016 ] [ - ]
rain-monitor.com - [ 11-apr-2016 ] [ - ]
rajanimports.net - [ 18-may-2016 ] [ - ]
rbsurfacing.co.uk - [ 23-Aug-2017 ] [ - ]
rccgshininglight.org.uk - [ 22-Nov-2016 ] [ - ]
rdpplumbing.com - [ 07-apr-2016 ] [ - ]
re-accion.com - [ 05-oct-2016 ] [ - ]
redcaesar.com - [ 17-apr-2016 ] [ - ]
redhorsedressage.co.uk - [ 15-Oct-2016 ] [ BaseKit owned ]
regaincms.co.uk - [ 21-Dec-2016 ] [ - ]
regionalmanifestosproject.com - [ 03-apr-2016 ] [ BaseKit owned ]
rejuvenate-property.co.uk - [ 19-Oct-2017 ] [ - ]
remont-oxford.co.uk - [ 13-Sep-2016 ] [ - ]
renee-ewing.co.uk - [ 08-Jan-2018 ] [ - ]
restauranteamandocastro.com - [ 13-mar-2016 ] [ BaseKit owned ]
retyree.com - [ 05-aug-2016 ] [ - ]
rhyminsimon.co.uk - [ 22-Jan-2017 ] [ - ]
rhysglentonphotography.com - [ 04-dec-2016 ] [ - ]
ricardoguimaraes.com - [ 14-nov-2016 ] [ - ]
riccardodurando.com - [ 22-jun-2016 ] [ - ]
richardclemence.com - [ 19-mar-2017 ] [ - ]
richardhealy.co.uk - [ 26-May-2023 ] [ - ]
rickdavisgoldanddiamond.com - [ 12-jan-2023 ] [ - ]
rickdavisgoldanddiamonds.com - [ 13-jul-2020 ] [ - ]
robbennettphotography.co.uk - [ 05-Sep-2016 ] [ - ]
robomoco.co.uk - [ 25-Jul-2016 ] [ - ]
rockcombo.com - [ 22-mar-2016 ] [ - ]
rollingstonesnow.com - [ 27-sep-2023 ] [ - ]
romanelanceford.co.uk - [ 23-Oct-2016 ] [ - ]
rottenrowbluesox.co.uk - [ 15-Nov-2017 ] [ - ]
roxannayoga.co.uk - [ 03-Jan-2017 ] [ - ]
roxannayoga.com - [ 03-jan-2017 ] [ - ]
rthelectrical.co.uk - [ 21-Dec-2016 ] [ - ]
rw-gfx.com - [ 23-apr-2018 ] [ - ]
ryanwoodfordguitartuition.co.uk - [ 24-Feb-2018 ] [ - ]
sagespace.net - [ 23-jul-2016 ] [ - ]
salka.co.uk - [ 17-Jul-2017 ] [ - ]
samantha-michelle.com - [ 28-aug-2016 ] [ - ]
san-carlo.co.uk - [ 09-Feb-2017 ] [ - ]
sanssoucyvineyards.com - [ 11-apr-2016 ] [ - ]
santilhemergencias.com - [ 10-aug-2016 ] [ - ]
saultoftheearth.com - [ 09-jul-2016 ] [ - ]
scales-designs.com - [ 08-aug-2016 ] [ BaseKit owned ]
scalesdesigns.com - [ 15-apr-2016 ] [ BaseKit owned ]
scottishtrumpetensemble.net - [ 16-apr-2016 ] [ BaseKit owned ]
scrapcarsinessex.co.uk - [ 15-May-2016 ] [ - ]
secretosdeautor.com - [ 18-feb-2017 ] [ - ]
secretsforladys.co.uk - [ 08-May-2016 ] [ - ]
seeshiphop.com - [ 17-may-2017 ] [ - ]
sehvitec.com - [ 18-apr-2016 ] [ BaseKit owned ]
setitout.co.uk - [ 17-Oct-2018 ] [ - ]
severnpictures.co.uk - [ 08-Jan-2018 ] [ - ]
shaecc.com - [ 21-feb-2017 ] [ BaseKit owned ]
shafferband.com - [ 24-jun-2016 ] [ - ]
shakejapo.com - [ 08-may-2016 ] [ - ]
shakepromises.com - [ 17-aug-2016 ] [ - ]
sharingcircles.com - [ 15-oct-2017 ] [ - ]
sheandhestyling.co.uk - [ 26-Nov-2017 ] [ - ]
sheandhestyling.com - [ 26-nov-2017 ] [ - ]
shepherdcounselling.co.uk - [ 18-May-2016 ] [ - ]
shestyling.co.uk - [ 15-May-2017 ] [ - ]
showerdome.org.uk - [ 06-Dec-2017 ] [ - ]
signoaudiovisual.com - [ 26-mar-2016 ] [ - ]
silentghosts.co.uk - [ 27-Feb-2017 ] [ - ]
silverseaam.com - [ 05-jan-2025 ] [ - ]
sim-solucioninteligentedemerchan.com - [ 02-mar-2020 ] [ - ]
simonefestas.net - [ 02-oct-2016 ] [ - ]
simplyjackvettriano.com - [ 23-oct-2016 ] [ BaseKit owned ]
skylinepropertygroup.co.uk - [ 15-Oct-2016 ] [ - ]
smokeghosa.com - [ 24-may-2019 ] [ - ]
snugglepouch.com - [ 19-mar-2019 ] [ - ]
sodburysom.co.uk - [ 16-Dec-2017 ] [ - ]
sojocatering.co.uk - [ 20-Sep-2016 ] [ BaseKit owned ]
sojocatering.com - [ 19-jun-2016 ] [ BaseKit owned ]
solomonsdesign.co.uk - [ 09-Mar-2018 ] [ - ]
somewillbesaved.com - [ 04-mar-2017 ] [ - ]
sonicmagic.co.uk - [ 28-Jul-2016 ] [ - ]
sophieedwardsschoolofdance.co.uk - [ 09-Apr-2017 ] [ - ]
soundsvintage.com - [ 08-jul-2016 ] [ - ]
sovawinetrail.com - [ 08-apr-2016 ] [ - ]
spencerbower.com - [ 18-apr-2016 ] [ BaseKit owned ]
spiritandbody.co.uk - [ 08-Aug-2017 ] [ - ]
spiritinbody.co.uk - [ 08-Jan-2018 ] [ - ]
squiggles-entertainment.co.uk - [ 11-Jul-2016 ] [ BaseKit owned ]
squiggles-entertainments.co.uk - [ 11-Jul-2016 ] [ BaseKit owned ]
srcapricho.com - [ 05-apr-2016 ] [ - ]
srnoa.co.uk - [ 21-Nov-2016 ] [ BaseKit owned ]
srnoa.org.uk - [ 12-Dec-2016 ] [ BaseKit owned ]
stampforschools.co.uk - [ 29-May-2017 ] [ - ]
stealingthemindsofamerica.com - [ 13-sep-2016 ] [ - ]
stephen-morris.co.uk - [ 07-Nov-2016 ] [ - ]
stevencarman.com - [ 20-jan-2017 ] [ - ]
stevesleight.com - [ 28-mar-2017 ] [ - ]
stewartmoskowitzmedia.com - [ 23-dec-2016 ] [ - ]
stickevape.com - [ 24-aug-2016 ] [ - ]
stitchitandfixit.co.uk - [ 16-Nov-2016 ] [ - ]
stmarysnurseryfosms.co.uk - [ 09-Sep-2016 ] [ - ]
strikedigital.co.uk - [ 24-Dec-2016 ] [ - ]
sttructure.com - [ 02-nov-2016 ] [ - ]
studio-fourteen.co.uk - [ 24-Nov-2017 ] [ - ]
studio14-cad.co.uk - [ 24-Nov-2017 ] [ - ]
studioloftweddings.co.uk - [ 18-Jul-2016 ] [ - ]
studioten.net - [ 23-apr-2016 ] [ - ]
subterraneanskateboards.com - [ 10-mar-2017 ] [ - ]
successthroughchange.co.uk - [ 21-Apr-2022 ] [ - ]
suelansbury.co.uk - [ 17-Mar-2017 ] [ - ]
sugarrushuk.co.uk - [ 03-Sep-2016 ] [ - ]
suitforhire.co.uk - [ 29-Nov-2017 ] [ - ]
sumedicoenlinea.com - [ 12-may-2016 ] [ - ]
sumedicoenlinea.net - [ 28-jun-2017 ] [ - ]
sumedicoenlineaclinicas.com - [ 29-nov-2016 ] [ - ]
sumedicoenlineanews.net - [ 18-feb-2017 ] [ - ]
sumedicoenlineatv.com - [ 31-oct-2016 ] [ - ]
suminllanos.com - [ 02-sep-2016 ] [ BaseKit owned ]
sunshinecasas.com - [ 19-aug-2016 ] [ BaseKit owned ]
surplusenergymanager.co.uk - [ 30-Dec-2016 ] [ - ]
surreycorns.co.uk - [ 13-Jan-2017 ] [ - ]
suxceed.co.uk - [ 20-Apr-2016 ] [ - ]
suxceedclothing.co.uk - [ 20-Apr-2016 ] [ - ]
sweet-chics.co.uk - [ 26-Jun-2016 ] [ - ]
sweetlettings.co.uk - [ 30-Jul-2016 ] [ - ]
takeachanceshow.com - [ 06-dec-2016 ] [ - ]
talkingtherapiesbristol.co.uk - [ 15-Jul-2017 ] [ - ]
talkingtherapiesbristol.com - [ 15-jul-2017 ] [ - ]
tambatoga.com - [ 17-aug-2017 ] [ - ]
tantien.net - [ 02-apr-2016 ] [ - ]
tanukinyc.com - [ 28-jan-2017 ] [ - ]
tartigel.com - [ 16-feb-2017 ] [ - ]
tayshirts.co.uk - [ 17-Oct-2016 ] [ - ]
tchglobal.co.uk - [ 18-Dec-2016 ] [ - ]
tcmat.co.uk - [ 07-Mar-2017 ] [ BaseKit owned ]
tecnologovidros.com - [ 04-mar-2017 ] [ - ]
tejados-cofam.com - [ 06-feb-2017 ] [ - ]
telecocinacalicanto.com - [ 23-jun-2016 ] [ - ]
tendederos.net - [ 22-aug-2016 ] [ - ]
tendederosderopa.com - [ 16-jan-2017 ] [ - ]
terrygordon.com - [ 01-oct-2016 ] [ - ]
testliveemail.co.uk - [ 27-Mar-2016 ] [ BaseKit owned ]
testpayiaintestpay.co.uk - [ 04-Feb-2017 ] [ BaseKit owned ]
theamericanrabbit.com - [ 19-oct-2016 ] [ - ]
thebeautifulimage.co.uk - [ 03-Apr-2016 ] [ - ]
thebelishas.com - [ 17-jan-2017 ] [ - ]
theblissstudio.co.uk - [ 01-Mar-2017 ] [ - ]
thebluebellatryall.co.uk - [ 13-Aug-2016 ] [ - ]
thecatshelterforcatswhomeow.com - [ 26-jun-2016 ] [ - ]
thecoolkidsparty.com - [ 13-dec-2017 ] [ - ]
thedairyonline.co.uk - [ 16-Sep-2017 ] [ - ]
thedeltics.com - [ 14-nov-2016 ] [ - ]
thefacepaintingcompany.co.uk - [ 03-Oct-2016 ] [ - ]
thefieldkitchenoxford.co.uk - [ 14-Apr-2016 ] [ - ]
thehorsehitch.com - [ 04-sep-2016 ] [ - ]
thehunter-cb.com - [ 15-aug-2016 ] [ - ]
thehunter-fcb.com - [ 03-feb-2017 ] [ - ]
theintimacyclinic.co.uk - [ 12-Dec-2017 ] [ - ]
thejobswebsite.co.uk - [ 05-May-2017 ] [ - ]
thelocksmithtrainingcompany.co.uk - [ 12-Jan-2019 ] [ - ]
thelondondisco.com - [ 15-dec-2017 ] [ - ]
themarginal.uk - [ 07-Nov-2016 ] [ - ]
therapyjersey.co.uk - [ 29-Oct-2017 ] [ - ]
thereloaders.co.uk - [ 20-Sep-2016 ] [ - ]
therockinghorsetw.co.uk - [ 11-Feb-2017 ] [ - ]
thesaigoncuisine.co.uk - [ 28-Aug-2016 ] [ - ]
thesecretgardensalon.com - [ 05-dec-2017 ] [ - ]
thesis-energy.co.uk - [ 16-Mar-2018 ] [ - ]
thesis-energy.com - [ 16-mar-2024 ] [ - ]
thesugarcane.com - [ 17-sep-2019 ] [ - ]
thetop10game.com - [ 06-jan-2017 ] [ - ]
thetrees-movie.com - [ 27-nov-2016 ] [ - ]
theurbandogwalker.co.uk - [ 18-Jan-2018 ] [ - ]
thewhiteportfolio.co.uk - [ 05-Nov-2017 ] [ - ]
thiagodossantoz.com - [ 05-nov-2016 ] [ - ]
thinkmovement.co.uk - [ 15-Apr-2017 ] [ - ]
thurs1755.com - [ 27-jun-2016 ] [ - ]
thursdayemail.co.uk - [ 05-Jun-2016 ] [ - ]
tideandboar.com - [ 16-aug-2017 ] [ - ]
tinycow.co.uk - [ 28-Feb-2017 ] [ BaseKit owned ]
tirarvistoamericano.com - [ 18-may-2016 ] [ - ]
tjacksonartist.co.uk - [ 25-Oct-2016 ] [ BaseKit owned ]
tooliscious.co.uk - [ 26-Apr-2016 ] [ - ]
toolstohire.co.uk - [ 08-Jun-2016 ] [ - ]
topfloorart.co.uk - [ 30-Jan-2017 ] [ BaseKit owned ]
topfloorart.com - [ 19-nov-2016 ] [ - ]
tophatdj.co.uk - [ 27-Oct-2017 ] [ - ]
torreblancasportshop.com - [ 14-feb-2017 ] [ - ]
trackfuture.com - [ 19-mar-2016 ] [ - ]
tributephotoalbums.com - [ 08-jul-2016 ] [ - ]
trilliumcorp.net - [ 10-oct-2016 ] [ - ]
trooperamp.co.uk - [ 03-Jul-2016 ] [ - ]
turbo-transmisiones.com - [ 21-oct-2016 ] [ - ]
twomileoakdevon.org.uk - [ 15-Apr-2017 ] [ - ]
twomileoakinn.co.uk - [ 11-Mar-2019 ] [ - ]
tymborunda.com - [ 17-jun-2016 ] [ BaseKit owned ]
ugandatrip2014.com - [ 30-oct-2016 ] [ - ]
ukkangenwater.co.uk - [ 09-Aug-2016 ] [ BaseKit owned ]
umalacabana.com - [ 15-apr-2016 ] [ BaseKit owned ]
uniuniuni.co.uk - [ 25-May-2016 ] [ - ]
updikeindustries.com - [ 03-jun-2018 ] [ - ]
usdza.com - [ 07-nov-2016 ] [ - ]
vancrouch.com - [ 23-jan-2017 ] [ - ]
vanessahairdesignsandbeauty.com - [ 16-aug-2016 ] [ - ]
verticalphotography.co.uk - [ 28-Dec-2016 ] [ - ]
viajeshuatulco.net - [ 19-apr-2016 ] [ BaseKit owned ]
viajesmundonuevo.com - [ 25-jan-2017 ] [ - ]
vicinos.net - [ 15-mar-2016 ] [ - ]
vincentfujiwara.com - [ 31-may-2016 ] [ - ]
visitupton.co.uk - [ 30-Jan-2017 ] [ - ]
voreels.com - [ 15-oct-2016 ] [ - ]
voyagingyachts.com - [ 01-jul-2016 ] [ - ]
walesnews.com - [ 02-apr-2023 ] [ - ]
warehousematerialhandling.com - [ 28-feb-2017 ] [ - ]
waterworkspoolsandspaswv.com - [ 06-sep-2016 ] [ - ]
weddingcasinohire.co.uk - [ 16-Oct-2016 ] [ - ]
weddingcasinohire.co.uk - [ 16-Oct-2016 ] [ - ]
weddingcasinohire.com - [ 15-aug-2016 ] [ - ]
weddingdj-essex.co.uk - [ 14-Jun-2016 ] [ - ]
weddingexhibitioninabox.co.uk - [ 02-Oct-2017 ] [ - ]
weddingpartyevents.com - [ 20-feb-2017 ] [ - ]
westdesign.org.uk - [ 27-Apr-2017 ] [ - ]
wewanna.co.uk - [ 24-Aug-2017 ] [ - ]
wewannabrand.co.uk - [ 21-Jan-2017 ] [ - ]
wexlermarketing.com - [ 16-nov-2016 ] [ - ]
whatif.me.uk - [ 12-Feb-2017 ] [ - ]
whatpram.org.uk - [ 06-Jul-2017 ] [ - ]
whiteoakmead.com - [ 09-sep-2017 ] [ - ]
wickedfish.org.uk - [ 19-Mar-2016 ] [ - ]
wildviewcameras.co.uk - [ 20-Aug-2018 ] [ - ]
wildwestfest30.com - [ 24-aug-2016 ] [ - ]
willerseyprovisions.co.uk - [ 21-Jul-2017 ] [ - ]
willowwardrobe.org.uk - [ 08-Jan-2017 ] [ - ]
withloveuk.com - [ 10-dec-2016 ] [ - ]
wolfpackeng.com - [ 12-mar-2016 ] [ - ]
wonder-wal.com - [ 20-mar-2017 ] [ - ]
wongsrestaurant.co.uk - [ 04-Mar-2017 ] [ - ]
workstellar.com - [ 29-mar-2016 ] [ - ]
worldkarmony.com - [ 10-nov-2018 ] [ - ]
wrockwardinewoodartsacademy.com - [ 07-mar-2016 ] [ BaseKit owned ]
wtrmaterials.com - [ 06-nov-2017 ] [ - ]
wvrampage.com - [ 11-mar-2016 ] [ - ]
xmcomunicaciongdl.com - [ 10-oct-2016 ] [ - ]
xvergence.com - [ 29-may-2016 ] [ - ]
yemayamasajes.com - [ 21-aug-2016 ] [ BaseKit owned ]
yogapure.co.uk - [ 23-Jan-2018 ] [ - ]
yorkcentreapartment.co.uk - [ 01-Jul-2016 ] [ BaseKit owned ]
zentralregister.co.uk - [ 29-Oct-2016 ] [ - ]
zestarchitecture.com - [ 04-aug-2016 ] [ - ]
bristoldivingclub.co.uk - [ 19-Feb-2018 ] [ - ]
xmcomunicaciongdl.com - [ 10-oct-2016 ] [ - ]
yorkcentreapartment.co.uk - [ 01-Jul-2016 ] [ BaseKit owned ]
zentralregister.co.uk - [ 29-Oct-2016 ] [ - ]

