1pcalling.co.uk - [ 11-Apr-2016 ] [ - ]
1pcalling.com - [ 11-apr-2016 ] [ - ]
agrofoodlegal.com - [ 02-aug-2016 ] [ BaseKit owned ]
akratasaciones.com - [ 07-sep-2016 ] [ BaseKit owned ]
ameliasdolls.co.uk - [ 01-Nov-2016 ] [ BaseKit owned ]
ampcgroup.co.uk - [ 27-Oct-2016 ] [ BaseKit owned ]
aptdigital.co.uk - [ 21-May-2017 ] [ - ]
archersmill.com - [ 23-dec-2016 ] [ BaseKit owned ]
argirziovskydesign.com - [ 22-jun-2016 ] [ BaseKit owned ]
arnoldchurches.org.uk - [ 15-Nov-2018 ] [ BaseKit owned ]
arriazaspuppies.com - [ 15-apr-2016 ] [ BaseKit owned ]
artecroma.com - [ 23-mar-2016 ] [ BaseKit owned ]
as-computers.com - [ 24-jun-2016 ] [ - ]
aviasa-fbo.com - [ 01-dec-2016 ] [ - ]
bariatricabajio.com - [ 26-feb-2017 ] [ BaseKit owned ]
barnabyandboon.co.uk - [ 03-Dec-2016 ] [ BaseKit owned ]
basingstoketutors.com - [ 04-feb-2017 ] [ BaseKit owned ]
basingtutors.com - [ 27-oct-2016 ] [ BaseKit owned ]
bassdemon.com - [ 15-dec-2016 ] [ BaseKit owned ]
beautifulgifts.me.uk - [ 28-Jul-2017 ] [ BaseKit owned ]
becandben.co.uk - [ 26-Feb-2017 ] [ BaseKit owned ]
beerrun5k.com - [ 30-dec-2016 ] [ - ]
betterinnovation.co.uk - [ 25-Sep-2016 ] [ BaseKit owned ]
big-waves.co.uk - [ 31-Aug-2016 ] [ - ]
bigredmover.com - [ 14-mar-2016 ] [ BaseKit owned ]
blomenagem.com - [ 31-aug-2016 ] [ BaseKit owned ]
boxprod.co.uk - [ 03-Mar-2017 ] [ BaseKit owned ]
breatheproject.co.uk - [ 10-Jan-2017 ] [ BaseKit owned ]
britanniahose.co.uk - [ 06-Apr-2016 ] [ - ]
canariassenderismoymas.com - [ 03-jan-2017 ] [ BaseKit owned ]
canine-services.co.uk - [ 28-Sep-2016 ] [ BaseKit owned ]
car-malade.com - [ 05-oct-2016 ] [ BaseKit owned ]
centrecirclepub.co.uk - [ 12-Oct-2016 ] [ BaseKit owned ]
chris-atkin.com - [ 07-mar-2017 ] [ BaseKit owned ]
chriskeegan.co.uk - [ 12-Nov-2021 ] [ - ]
colaistechiarain.com - [ 13-apr-2017 ] [ - ]
coreceramicstilestudio.com - [ 03-dec-2016 ] [ BaseKit owned ]
cosgrovecontracting.com - [ 09-jul-2016 ] [ - ]
countrysidewalkingsticks.co.uk - [ 26-Jan-2018 ] [ - ]
creacontinta.com - [ 24-feb-2017 ] [ BaseKit owned ]
creativemunkey.co.uk - [ 05-Feb-2017 ] [ BaseKit owned ]
csautomotive.co.uk - [ 30-Aug-2016 ] [ BaseKit owned ]
czechyourenglish.com - [ 26-oct-2016 ] [ BaseKit owned ]
damsonsolutions.com - [ 26-jan-2017 ] [ - ]
dazzlingresults.co.uk - [ 07-Sep-2016 ] [ - ]
despachofoa.com - [ 15-nov-2016 ] [ BaseKit owned ]
detishkola.com - [ 22-may-2016 ] [ BaseKit owned ]
dianaessome.com - [ 13-aug-2016 ] [ BaseKit owned ]
divorciolesbianas.com - [ 22-may-2016 ] [ BaseKit owned ]
docepimentasexy.com - [ 22-jan-2017 ] [ BaseKit owned ]
dwrefrigerants.com - [ 04-sep-2016 ] [ BaseKit owned ]
e-nhance.com - [ 08-may-2016 ] [ BaseKit owned ]
eckoduplication.com - [ 06-jan-2017 ] [ - ]
electricfarmquads.co.uk - [ 31-Oct-2016 ] [ BaseKit owned ]
erinvalebnb.co.uk - [ 06-Jul-2016 ] [ - ]
estanciasliving.com - [ 21-feb-2017 ] [ BaseKit owned ]
estejina.com - [ 19-sep-2016 ] [ BaseKit owned ]
eventossalomon.com - [ 31-aug-2016 ] [ BaseKit owned ]
facepaintingpeople.co.uk - [ 28-Mar-2017 ] [ - ]
factoreventos.com - [ 13-jan-2017 ] [ BaseKit owned ]
farmaciadelezama.com - [ 26-jun-2016 ] [ BaseKit owned ]
farmaciateresafranch.com - [ 02-jan-2017 ] [ BaseKit owned ]
fashionellamoda.com - [ 18-dec-2016 ] [ BaseKit owned ]
fittleworth-scout-group.co.uk - [ 23-Jun-2016 ] [ BaseKit owned ]
francis-collection.com - [ 27-nov-2016 ] [ BaseKit owned ]
gabeliahome.com - [ 16-aug-2016 ] [ - ]
gesproam.com - [ 17-mar-2016 ] [ BaseKit owned ]
goartmego.com - [ 16-oct-2016 ] [ BaseKit owned ]
gooseandberry.co.uk - [ 18-Sep-2016 ] [ BaseKit owned ]
guiacostadeleste2.com - [ 30-nov-2016 ] [ BaseKit owned ]
habilisconsultoria.com - [ 23-oct-2016 ] [ BaseKit owned ]
habitaconstruccion.com - [ 05-sep-2016 ] [ BaseKit owned ]
hankinelectrical.co.uk - [ 15-Jan-2018 ] [ BaseKit owned ]
harleysolicitors.co.uk - [ 10-Dec-2016 ] [ - ]
hollanpro.com - [ 02-apr-2016 ] [ BaseKit owned ]
hor2.com - [ 09-jul-2018 ] [ - ]
icf-lagos.com - [ 09-nov-2016 ] [ BaseKit owned ]
idsecuritysystems.co.uk - [ 02-Mar-2017 ] [ - ]
ignite-eco.co.uk - [ 03-Jul-2016 ] [ BaseKit owned ]
iinfineon.co.uk - [ 13-Sep-2016 ] [ BaseKit owned ]
indergrafica.com - [ 26-nov-2016 ] [ BaseKit owned ]
informacionpanama.com - [ 09-mar-2017 ] [ BaseKit owned ]
intacards.com - [ 05-oct-2016 ] [ - ]
jeannineharvey.co.uk - [ 04-Sep-2016 ] [ - ]
jkksolutions.co.uk - [ 16-Nov-2016 ] [ BaseKit owned ]
johnrogerhatton.com - [ 31-aug-2016 ] [ BaseKit owned ]
joylucedificacionyreformas.com - [ 17-feb-2017 ] [ - ]
joylucrehabilitaciones.com - [ 17-feb-2017 ] [ - ]
jt-ac.com - [ 06-nov-2016 ] [ BaseKit owned ]
justice4jeannine.co.uk - [ 21-Sep-2016 ] [ - ]
k-mac.org.uk - [ 08-Dec-2017 ] [ BaseKit owned ]
kent-engine-clean.com - [ 25-aug-2016 ] [ BaseKit owned ]
keplertyt.com - [ 26-dec-2016 ] [ BaseKit owned ]
kuechensamurai.com - [ 25-mar-2016 ] [ BaseKit owned ]
labeautylounge.co.uk - [ 12-Jul-2016 ] [ BaseKit owned ]
lagreenpage.com - [ 21-mar-2016 ] [ BaseKit owned ]
lallama17arquitectos.com - [ 08-aug-2016 ] [ BaseKit owned ]
liceosantara.com - [ 05-apr-2016 ] [ BaseKit owned ]
lucidinitiatives.co.uk - [ 22-Sep-2016 ] [ - ]
madridenruta.com - [ 07-jan-2017 ] [ BaseKit owned ]
manaustecno.com - [ 02-oct-2016 ] [ BaseKit owned ]
mangoscaribbean.co.uk - [ 30-Jan-2018 ] [ - ]
mariachitecoman.com - [ 08-may-2016 ] [ BaseKit owned ]
marksmarks.co.uk - [ 01-Oct-2016 ] [ BaseKit owned ]
marmaladeis.com - [ 15-mar-2016 ] [ BaseKit owned ]
medicimarkets.com - [ 26-aug-2016 ] [ BaseKit owned ]
mentedeportivaf7.com - [ 01-jun-2016 ] [ BaseKit owned ]
michelleshort.co.uk - [ 29-Jun-2017 ] [ - ]
mojotriangle.co.uk - [ 28-Oct-2017 ] [ BaseKit owned ]
mooievents.co.uk - [ 03-Oct-2016 ] [ BaseKit owned ]
mosleyand.com - [ 28-mar-2016 ] [ - ]
mtacomms.com - [ 15-nov-2016 ] [ - ]
mx5hire.co.uk - [ 14-Aug-2016 ] [ - ]
odontologoberriak.net - [ 04-nov-2016 ] [ BaseKit owned ]
openthinkingproject.com - [ 09-jul-2016 ] [ BaseKit owned ]
paintertunbridgewells.co.uk - [ 22-Aug-2016 ] [ BaseKit owned ]
papuka.com - [ 10-jan-2017 ] [ BaseKit owned ]
parrilladas.net - [ 20-sep-2016 ] [ BaseKit owned ]
partcloudy.com - [ 04-nov-2017 ] [ - ]
peakcollege.co.uk - [ 09-Jul-2016 ] [ BaseKit owned ]
physiotherapymalta.com - [ 23-aug-2016 ] [ BaseKit owned ]
pilarmaynez.net - [ 30-aug-2016 ] [ BaseKit owned ]
pinkpapermedia.com - [ 18-sep-2016 ] [ BaseKit owned ]
piratefitness.co.uk - [ 05-Jan-2018 ] [ - ]
posadasdelsur.com - [ 23-oct-2016 ] [ BaseKit owned ]
premiersearchandselection.co.uk - [ 30-Jan-2018 ] [ - ]
proactsis.co.uk - [ 06-Dec-2017 ] [ - ]
proactsis.com - [ 06-dec-2016 ] [ - ]
projetocupido.com - [ 14-nov-2016 ] [ BaseKit owned ]
purcellbuilders.co.uk - [ 09-Nov-2016 ] [ BaseKit owned ]
purple-driving.co.uk - [ 09-Dec-2016 ] [ BaseKit owned ]
qadomainpurchasetest.co.uk - [ 17-Oct-2016 ] [ BaseKit owned ]
qapurchasetodel.co.uk - [ 08-Nov-2016 ] [ BaseKit owned ]
rainbow-pets.co.uk - [ 30-Oct-2017 ] [ - ]
rbdeng.com - [ 27-aug-2016 ] [ BaseKit owned ]
recarmex.com - [ 31-oct-2016 ] [ BaseKit owned ]
recubrimientosdeportivosht.com - [ 25-oct-2016 ] [ BaseKit owned ]
renov-glass.com - [ 22-nov-2016 ] [ BaseKit owned ]
renovacionsaltillo.com - [ 19-sep-2016 ] [ BaseKit owned ]
rental-bulgaria.com - [ 04-jun-2016 ] [ BaseKit owned ]
resolve-safety.co.uk - [ 22-May-2017 ] [ - ]
ricardoguimaraes.com - [ 14-nov-2016 ] [ - ]
rjpestimating.com - [ 31-oct-2016 ] [ BaseKit owned ]
robsonnovaez.com - [ 11-dec-2016 ] [ BaseKit owned ]
roishop.net - [ 04-apr-2016 ] [ BaseKit owned ]
ruffettaccountancyservices.co.uk - [ 10-Aug-2018 ] [ BaseKit owned ]
sabineconsults.com - [ 13-dec-2016 ] [ BaseKit owned ]
sallutarsuplementos.com - [ 09-jan-2017 ] [ BaseKit owned ]
samuelduggan.me - [ Date:11-Jul-2016 ] [ BaseKit owned ]
sankoltd.net - [ 05-oct-2016 ] [ BaseKit owned ]
scottishculture.co.uk - [ 04-Sep-2016 ] [ - ]
shropshirequads.co.uk - [ 15-Dec-2018 ] [ BaseKit owned ]
simonbourcier.co.uk - [ 18-Jan-2017 ] [ BaseKit owned ]
skyline-estates.co.uk - [ 14-Oct-2016 ] [ BaseKit owned ]
sussexsparklingwines.com - [ 30-nov-2016 ] [ BaseKit owned ]
susurradorescaninos.com - [ 19-nov-2016 ] [ BaseKit owned ]
tariqdeafuk.com - [ 10-jul-2016 ] [ - ]
techstra.co.uk - [ 26-Jun-2016 ] [ BaseKit owned ]
thehireshed.co.uk - [ 04-Jul-2016 ] [ BaseKit owned ]
thescooteryard.co.uk - [ 29-Nov-2016 ] [ BaseKit owned ]
time-for-a-change.net - [ 25-sep-2016 ] [ - ]
tocadosinfantiles.com - [ 22-nov-2016 ] [ - ]
tsmcleaning.co.uk - [ 04-Nov-2016 ] [ BaseKit owned ]
turnerart.net - [ 06-nov-2016 ] [ - ]
ukkangenwater.co.uk - [ 09-Aug-2016 ] [ BaseKit owned ]
up-to-scratch.co.uk - [ 26-Oct-2017 ] [ - ]
vacandc.com - [ 27-jun-2016 ] [ - ]
velechko.com - [ 02-may-2016 ] [ - ]
videometric.net - [ 20-oct-2016 ] [ - ]
vocenof.com - [ 10-jan-2017 ] [ - ]
weddingflowersareus.co.uk - [ 27-Nov-2016 ] [ BaseKit owned ]
whiteleafbridal.com - [ 04-aug-2016 ] [ - ]
willowbespokeflowerdesign.co.uk - [ 01-Jun-2016 ] [ - ]
willowbespokeflowerdesign.com - [ 01-jun-2016 ] [ - ]
1pcalling.co.uk - [ 11-Apr-2016 ] [ - ]
1pcalling.com - [ 11-apr-2016 ] [ - ]
argirziovskydesign.com - [ 22-jun-2016 ] [ - ]
arriazaspuppies.com - [ 15-apr-2016 ] [ - ]
as-computers.com - [ 24-jun-2016 ] [ - ]
becauseimgolden.com - [ 25-feb-2017 ] [ - ]
beerrun5k.com - [ 30-dec-2016 ] [ - ]
big-waves.co.uk - [ 31-Aug-2016 ] [ - ]
boxprod.co.uk - [ 03-Mar-2017 ] [ BaseKit owned ]
britanniahose.co.uk - [ 06-Apr-2016 ] [ - ]
chuafp.com - [ 31-may-2018 ] [ - ]
citycentreit.co.uk - [ 28-Oct-2016 ] [ - ]
citymules.co.uk - [ 15-Dec-2016 ] [ - ]
cosgrovecontracting.com - [ 09-jul-2016 ] [ - ]
countrysidewalkingsticks.co.uk - [ 26-Jan-2018 ] [ - ]
damsonsolutions.com - [ 26-jan-2017 ] [ - ]
dazzlingresults.co.uk - [ 07-Sep-2016 ] [ - ]
eckoduplication.com - [ 06-jan-2017 ] [ - ]
facepaintingpeople.co.uk - [ 28-Mar-2017 ] [ - ]
ftmdance.co.uk - [ 31-Jul-2017 ] [ - ]
gourmetfoodtrailers.co.uk - [ 22-Feb-2017 ] [ - ]
harleysolicitors.co.uk - [ 10-Dec-2016 ] [ - ]
heavenlydevon.co.uk - [ 07-Jun-2017 ] [ - ]
intacards.com - [ 05-oct-2016 ] [ - ]
joylucedificacionyreformas.com - [ 17-feb-2017 ] [ - ]
joylucrehabilitaciones.com - [ 17-feb-2017 ] [ - ]
justice4jeannine.co.uk - [ 21-Sep-2016 ] [ - ]
lucidinitiatives.co.uk - [ 22-Sep-2016 ] [ - ]
mangoscaribbean.co.uk - [ 30-Jan-2018 ] [ - ]
michelleshort.co.uk - [ 29-Jun-2017 ] [ - ]
partcloudy.com - [ 04-nov-2017 ] [ - ]
piratefitness.co.uk - [ 05-Jan-2018 ] [ - ]
premiersearchandselection.co.uk - [ 30-Jan-2018 ] [ - ]
proactsis.co.uk - [ 06-Dec-2017 ] [ - ]
proactsis.com - [ 06-dec-2016 ] [ - ]
rainbow-pets.co.uk - [ 30-Oct-2017 ] [ - ]
resolve-safety.co.uk - [ 22-May-2017 ] [ - ]
samuelduggan.me - [ Date:11-Jul-2016 ] [ BaseKit owned ]
up-to-scratch.co.uk - [ 26-Oct-2017 ] [ - ]
velechko.com - [ 02-may-2016 ] [ - ]
vicki-isted.co.uk - [ 27-Mar-2016 ] [ - ]
weatherseal-midlands.co.uk - [ 03-Nov-2016 ] [ - ]
willowbespokeflowerdesign.co.uk - [ 01-Jun-2016 ] [ - ]
willowbespokeflowerdesign.com - [ 01-jun-2016 ] [ - ]
wrb-energy.co.uk - [ 16-May-2016 ] [ - ]
wrbeckett.co.uk - [ 22-Jun-2017 ] [ - ]
yachtingtoys.com - [ 01-dec-2016 ] [ - ]
yemayamasajes.com - [ 21-aug-2016 ] [ - ]
yoga-fitness.co.uk - [ 06-May-2017 ] [ BaseKit owned ]
your-petersfield.co.uk - [ 28-Mar-2017 ] [ BaseKit owned ]
zambezihardwood.com - [ 13-mar-2016 ] [ - ]
