36gordon.com - [ 24-oct-2016 ] [ BaseKit owned ]
agarratquevecurva.com - [ 07-jun-2016 ] [ BaseKit owned ]
agrofoodlegal.com - [ 02-aug-2016 ] [ BaseKit owned ]
akratasaciones.com - [ 07-sep-2016 ] [ BaseKit owned ]
alan-martin-photography.com - [ 17-jun-2016 ] [ BaseKit owned ]
aljothoor.net - [ 10-aug-2016 ] [ BaseKit owned ]
ambimetrica.com - [ 16-jun-2016 ] [ BaseKit owned ]
ameliasdolls.co.uk - [ 01-Nov-2016 ] [ BaseKit owned ]
ampcgroup.co.uk - [ 27-Oct-2016 ] [ BaseKit owned ]
appliedpsychologies.co.uk - [ 16-Feb-2017 ] [ BaseKit owned ]
appliedpsychologies.com - [ 27-nov-2016 ] [ BaseKit owned ]
archersmill.com - [ 23-dec-2016 ] [ BaseKit owned ]
argirziovskydesign.com - [ 22-jun-2016 ] [ BaseKit owned ]
arnoldchurches.org.uk - [ 15-Nov-2018 ] [ BaseKit owned ]
arriazaspuppies.com - [ 15-apr-2016 ] [ BaseKit owned ]
artecroma.com - [ 23-mar-2016 ] [ BaseKit owned ]
azaharapeluqueros.com - [ 06-may-2016 ] [ BaseKit owned ]
azpeitikokulturmahaia.com - [ 31-may-2016 ] [ BaseKit owned ]
bariatricabajio.com - [ 26-feb-2017 ] [ BaseKit owned ]
barnabyandboon.co.uk - [ 03-Dec-2016 ] [ BaseKit owned ]
basingstoketutors.com - [ 04-feb-2017 ] [ BaseKit owned ]
basingtutors.com - [ 27-oct-2016 ] [ BaseKit owned ]
bassdemon.com - [ 15-dec-2016 ] [ BaseKit owned ]
beautifulgifts.me.uk - [ 28-Jul-2017 ] [ BaseKit owned ]
beautifulimageweddings.com - [ 22-apr-2016 ] [ BaseKit owned ]
becandben.co.uk - [ 26-Feb-2017 ] [ BaseKit owned ]
bennett-house.com - [ 04-oct-2016 ] [ BaseKit owned ]
bestcitiesforbusiness.co.uk - [ 22-Feb-2017 ] [ BaseKit owned ]
betterinnovation.co.uk - [ 25-Sep-2016 ] [ BaseKit owned ]
bigphatgreekwedding.co.uk - [ 21-Aug-2016 ] [ BaseKit owned ]
bigredmover.com - [ 14-mar-2016 ] [ BaseKit owned ]
blomenagem.com - [ 31-aug-2016 ] [ BaseKit owned ]
boilerrepair-northwestlondon.com - [ 30-may-2016 ] [ BaseKit owned ]
bourneorchestra.com - [ 24-oct-2016 ] [ BaseKit owned ]
boxprod.co.uk - [ 03-Mar-2017 ] [ BaseKit owned ]
breatheproject.co.uk - [ 10-Jan-2017 ] [ BaseKit owned ]
cabezudoarquitectos.com - [ 16-feb-2017 ] [ - ]
calkinconstruction-pms.com - [ 27-jan-2017 ] [ BaseKit owned ]
canariassenderismoymas.com - [ 03-jan-2017 ] [ BaseKit owned ]
canine-services.co.uk - [ 28-Sep-2016 ] [ BaseKit owned ]
car-malade.com - [ 05-oct-2016 ] [ BaseKit owned ]
carlo-verda.com - [ 07-may-2016 ] [ BaseKit owned ]
casadurongaleria.com - [ 19-apr-2016 ] [ BaseKit owned ]
caterhirelimited.com - [ 09-dec-2016 ] [ BaseKit owned ]
celtic-cottage.co.uk - [ 06-Nov-2016 ] [ BaseKit owned ]
celticpaddler.com - [ 24-mar-2016 ] [ BaseKit owned ]
centrecirclepub.co.uk - [ 12-Oct-2016 ] [ BaseKit owned ]
chettleshop.co.uk - [ 24-Nov-2016 ] [ BaseKit owned ]
chris-atkin.com - [ 07-mar-2016 ] [ BaseKit owned ]
cinnamon-images.co.uk - [ 29-Sep-2016 ] [ BaseKit owned ]
cmccustoms.co.uk - [ 01-May-2017 ] [ BaseKit owned ]
cmccustoms.com - [ 01-may-2016 ] [ BaseKit owned ]
colaistechiarain.com - [ 13-apr-2017 ] [ - ]
coreceramicstilestudio.com - [ 03-dec-2016 ] [ BaseKit owned ]
creacontinta.com - [ 24-feb-2017 ] [ BaseKit owned ]
creativemunkey.co.uk - [ 05-Feb-2017 ] [ BaseKit owned ]
csautomotive.co.uk - [ 30-Aug-2016 ] [ BaseKit owned ]
czechyourenglish.com - [ 26-oct-2016 ] [ BaseKit owned ]
dafoetus.com - [ 30-aug-2016 ] [ BaseKit owned ]
davidclarkwaugh.co.uk - [ 27-Jan-2017 ] [ BaseKit owned ]
debbiehuntdesign.com - [ 08-nov-2016 ] [ BaseKit owned ]
despachofoa.com - [ 15-nov-2016 ] [ BaseKit owned ]
detishkola.com - [ 22-may-2016 ] [ BaseKit owned ]
dianaessome.com - [ 13-aug-2016 ] [ BaseKit owned ]
divorciolesbianas.com - [ 22-may-2016 ] [ BaseKit owned ]
docepimentasexy.com - [ 22-jan-2017 ] [ BaseKit owned ]
dwrefrigerants.com - [ 04-sep-2016 ] [ BaseKit owned ]
e-nhance.co.uk - [ 08-May-2016 ] [ BaseKit owned ]
e-nhance.com - [ 08-may-2016 ] [ BaseKit owned ]
eddtaylor.co.uk - [ 02-Aug-2018 ] [ BaseKit owned ]
electricfarmquads.co.uk - [ 31-Oct-2016 ] [ BaseKit owned ]
espiritoselesexistem.com - [ 05-dec-2016 ] [ BaseKit owned ]
estanciasliving.com - [ 21-feb-2017 ] [ BaseKit owned ]
estejina.com - [ 19-sep-2016 ] [ BaseKit owned ]
eventossalomon.com - [ 31-aug-2016 ] [ BaseKit owned ]
factoreventos.com - [ 13-jan-2017 ] [ BaseKit owned ]
farmaciadelezama.com - [ 26-jun-2016 ] [ BaseKit owned ]
farmaciateresafranch.com - [ 02-jan-2017 ] [ BaseKit owned ]
fashionellamoda.com - [ 18-dec-2016 ] [ BaseKit owned ]
femtroopersquad.co.uk - [ 31-May-2017 ] [ BaseKit owned ]
figfig2.com - [ 19-oct-2016 ] [ BaseKit owned ]
fittleworth-scout-group.co.uk - [ 23-Jun-2016 ] [ BaseKit owned ]
floreriailgiardino.com - [ 30-apr-2016 ] [ BaseKit owned ]
fq-trade.com - [ 15-jan-2017 ] [ BaseKit owned ]
francis-collection.com - [ 27-nov-2016 ] [ BaseKit owned ]
freekdix.com - [ 31-oct-2016 ] [ BaseKit owned ]
gabrielsmirne.com - [ 04-may-2016 ] [ BaseKit owned ]
georgejacksongroup.com - [ 29-sep-2016 ] [ BaseKit owned ]
gesproam.com - [ 17-mar-2016 ] [ BaseKit owned ]
gittinsonline.com - [ 15-nov-2016 ] [ BaseKit owned ]
gmqai.com - [ 09-dec-2016 ] [ BaseKit owned ]
goartmego.com - [ 16-oct-2016 ] [ BaseKit owned ]
goodchild-design.com - [ 03-dec-2016 ] [ BaseKit owned ]
gooseandberry.co.uk - [ 18-Sep-2016 ] [ BaseKit owned ]
guiacostadeleste2.com - [ 30-nov-2016 ] [ BaseKit owned ]
habilisconsultoria.com - [ 23-oct-2016 ] [ BaseKit owned ]
habitaconstruccion.com - [ 05-sep-2016 ] [ BaseKit owned ]
hamerex.com - [ 30-may-2016 ] [ BaseKit owned ]
hankinelectrical.co.uk - [ 15-Jan-2018 ] [ BaseKit owned ]
heathsfarmshop.com - [ 05-nov-2016 ] [ BaseKit owned ]
henpamperparty.co.uk - [ 11-May-2017 ] [ BaseKit owned ]
hitchinfencing.com - [ 30-jan-2017 ] [ BaseKit owned ]
hollanpro.com - [ 02-apr-2016 ] [ BaseKit owned ]
humlondon.org.uk - [ 11-Oct-2016 ] [ BaseKit owned ]
ianderib.com - [ 17-may-2016 ] [ BaseKit owned ]
iansdrivertraining.co.uk - [ 18-Feb-2017 ] [ BaseKit owned ]
icf-lagos.com - [ 09-nov-2016 ] [ BaseKit owned ]
iinfineon.co.uk - [ 13-Sep-2016 ] [ BaseKit owned ]
indergrafica.com - [ 26-nov-2016 ] [ BaseKit owned ]
informacionpanama.com - [ 09-mar-2016 ] [ BaseKit owned ]
interprete-tradutor.com - [ 25-may-2016 ] [ BaseKit owned ]
jeffvree.com - [ 19-jan-2017 ] [ BaseKit owned ]
jenniferhinesbusiness.com - [ 20-jun-2016 ] [ BaseKit owned ]
jkksolutions.co.uk - [ 16-Nov-2016 ] [ BaseKit owned ]
johnrogerhatton.com - [ 31-aug-2016 ] [ BaseKit owned ]
jt-ac.com - [ 06-nov-2016 ] [ BaseKit owned ]
k-mac.org.uk - [ 08-Dec-2017 ] [ BaseKit owned ]
kelliejerrard.com - [ 09-apr-2016 ] [ BaseKit owned ]
keplertyt.com - [ 26-dec-2016 ] [ BaseKit owned ]
kuechensamurai.com - [ 25-mar-2016 ] [ BaseKit owned ]
kymcoquadbikes.co.uk - [ 18-Dec-2018 ] [ BaseKit owned ]
kypieview.co.uk - [ 02-Dec-2016 ] [ BaseKit owned ]
labaudiere.com - [ 14-dec-2016 ] [ BaseKit owned ]
labeautylounge.co.uk - [ 12-Jul-2016 ] [ BaseKit owned ]
lagreenpage.com - [ 21-mar-2016 ] [ BaseKit owned ]
lallama17arquitectos.com - [ 08-aug-2016 ] [ BaseKit owned ]
liceosantara.com - [ 05-apr-2016 ] [ BaseKit owned ]
londonboilerinstallers.co.uk - [ 29-Nov-2016 ] [ BaseKit owned ]
mad-fitness.net - [ 19-apr-2016 ] [ BaseKit owned ]
madridenruta.com - [ 07-jan-2017 ] [ BaseKit owned ]
majesticklothing.com - [ 08-aug-2016 ] [ BaseKit owned ]
manaustecno.com - [ 02-oct-2016 ] [ BaseKit owned ]
mansionhipica.com - [ 09-aug-2016 ] [ BaseKit owned ]
margaridasousa.com - [ 11-may-2016 ] [ BaseKit owned ]
mariachitecoman.com - [ 08-may-2016 ] [ BaseKit owned ]
marksmarks.co.uk - [ 01-Oct-2016 ] [ BaseKit owned ]
marmaladeis.com - [ 15-mar-2016 ] [ BaseKit owned ]
masquecookies.com - [ 05-sep-2016 ] [ BaseKit owned ]
medicimarkets.com - [ 26-aug-2016 ] [ BaseKit owned ]
medicinapicacho.com - [ 19-jun-2016 ] [ BaseKit owned ]
medwayportraitphotography.com - [ 17-jun-2016 ] [ - ]
medwayweddingphotography.com - [ 03-jun-2016 ] [ - ]
meng-skates.com - [ 12-mar-2016 ] [ - ]
mengschliff.com - [ 25-mar-2016 ] [ - ]
mentedeportivaf7.com - [ 01-jun-2016 ] [ - ]
michaelhabis.co.uk - [ 23-Oct-2016 ] [ BaseKit owned ]
minhawebsite.com - [ 06-mar-2017 ] [ - ]
moettatelier.com - [ 21-sep-2016 ] [ - ]
mojotriangle.co.uk - [ 28-Oct-2017 ] [ BaseKit owned ]
mooievents.co.uk - [ 03-Oct-2016 ] [ BaseKit owned ]
morganhomesonline.com - [ 23-apr-2016 ] [ - ]
nanoelectricbikes.com - [ 14-may-2016 ] [ - ]
narconontijuana.com - [ 01-may-2016 ] [ BaseKit owned ]
oaklandsresidentialhome.com - [ 05-nov-2016 ] [ BaseKit owned ]
odontologoberriak.net - [ 04-nov-2016 ] [ BaseKit owned ]
openthinkingproject.com - [ 09-jul-2016 ] [ BaseKit owned ]
paintertunbridgewells.co.uk - [ 22-Aug-2016 ] [ BaseKit owned ]
papuka.com - [ 10-jan-2017 ] [ BaseKit owned ]
parrilladas.net - [ 20-sep-2016 ] [ BaseKit owned ]
peakcollege.co.uk - [ 09-Jul-2016 ] [ BaseKit owned ]
pemesoftsecurity.com - [ 18-jan-2017 ] [ BaseKit owned ]
physiotherapymalta.com - [ 23-aug-2016 ] [ BaseKit owned ]
pilarmaynez.net - [ 30-aug-2016 ] [ BaseKit owned ]
pinkpapermedia.com - [ 18-sep-2016 ] [ BaseKit owned ]
pmcsgroup.com - [ 09-may-2016 ] [ BaseKit owned ]
posadasdelsur.com - [ 23-oct-2016 ] [ BaseKit owned ]
projetocupido.com - [ 14-nov-2016 ] [ BaseKit owned ]
purcellbuilders.co.uk - [ 09-Nov-2016 ] [ BaseKit owned ]
purple-driving.co.uk - [ 09-Dec-2016 ] [ BaseKit owned ]
qadomainpurchasetest.co.uk - [ 17-Oct-2016 ] [ BaseKit owned ]
qapurchasetodel.co.uk - [ 08-Nov-2016 ] [ BaseKit owned ]
ralaman.com - [ 13-jun-2016 ] [ BaseKit owned ]
rbdeng.com - [ 27-aug-2016 ] [ BaseKit owned ]
recarmex.com - [ 31-oct-2016 ] [ BaseKit owned ]
recubrimientosdeportivosht.com - [ 25-oct-2016 ] [ BaseKit owned ]
renatocoutodj.com - [ 26-dec-2016 ] [ BaseKit owned ]
renov-glass.com - [ 22-nov-2016 ] [ BaseKit owned ]
renovacionsaltillo.com - [ 19-sep-2016 ] [ BaseKit owned ]
rental-bulgaria.com - [ 04-jun-2016 ] [ BaseKit owned ]
rjpestimating.com - [ 31-oct-2016 ] [ BaseKit owned ]
robathan.net - [ 14-jun-2016 ] [ BaseKit owned ]
robsonnovaez.com - [ 11-dec-2016 ] [ BaseKit owned ]
roishop.net - [ 04-apr-2016 ] [ BaseKit owned ]
roisinkinch.co.uk - [ 16-May-2017 ] [ BaseKit owned ]
ruffettaccountancyservices.co.uk - [ 10-Aug-2018 ] [ BaseKit owned ]
s1mplesolutions.co.uk - [ 29-Jan-2017 ] [ BaseKit owned ]
sabineconsults.com - [ 13-dec-2016 ] [ BaseKit owned ]
salamanderclub.com - [ 13-may-2016 ] [ BaseKit owned ]
sallutarsuplementos.com - [ 09-jan-2017 ] [ BaseKit owned ]
samphireseastoves.co.uk - [ 31-Oct-2016 ] [ BaseKit owned ]
samuelduggan.me - [ Date:11-Jul-2016 ] [ BaseKit owned ]
sankoltd.net - [ 05-oct-2016 ] [ - ]
shropshirequads.co.uk - [ 15-Dec-2018 ] [ BaseKit owned ]
simonbourcier.co.uk - [ 18-Jan-2017 ] [ BaseKit owned ]
skyline-estates.co.uk - [ 14-Oct-2016 ] [ BaseKit owned ]
spendiffy.com - [ 18-apr-2016 ] [ - ]
stampwharehouse.com - [ 19-mar-2016 ] [ - ]
stefanoandnatasha.co.uk - [ 22-Apr-2017 ] [ BaseKit owned ]
storymike.co.uk - [ 26-Sep-2018 ] [ BaseKit owned ]
stpeterssport.com - [ 11-nov-2016 ] [ - ]
suauquim.com - [ 19-may-2016 ] [ - ]
sunshinewholistic.com - [ 03-feb-2017 ] [ - ]
sussexsparklingwine.com - [ 08-dec-2016 ] [ - ]
sussexsparklingwines.com - [ 30-nov-2016 ] [ BaseKit owned ]
susurradorescaninos.com - [ 19-nov-2016 ] [ BaseKit owned ]
sutton-surveys.com - [ 12-jun-2016 ] [ BaseKit owned ]
suzelrepresentacoes.com - [ 30-mar-2016 ] [ BaseKit owned ]
tamba.me - [ Date:30-Aug-2016 ] [ BaseKit owned ]
tariqdeafuk.com - [ 10-jul-2016 ] [ BaseKit owned ]
techoscurvosyestructurales.com - [ 06-jan-2017 ] [ BaseKit owned ]
techstra.co.uk - [ 26-Jun-2016 ] [ BaseKit owned ]
terratransportsro.com - [ 25-apr-2016 ] [ BaseKit owned ]
thehireshed.co.uk - [ 04-Jul-2016 ] [ BaseKit owned ]
theronniemarshallagency.com - [ 16-dec-2016 ] [ BaseKit owned ]
thescooteryard.co.uk - [ 29-Nov-2016 ] [ BaseKit owned ]
tiffin-teahouse.co.uk - [ 21-Sep-2016 ] [ BaseKit owned ]
time-for-a-change.net - [ 25-sep-2016 ] [ BaseKit owned ]
tocadosinfantiles.com - [ 22-nov-2016 ] [ BaseKit owned ]
topcliffeplaygroup.co.uk - [ 10-Feb-2016 ] [ BaseKit owned ]
tsmcleaning.co.uk - [ 04-Nov-2016 ] [ BaseKit owned ]
turnerart.net - [ 06-nov-2016 ] [ BaseKit owned ]
vacandc.com - [ 27-jun-2016 ] [ BaseKit owned ]
velechko.com - [ 02-may-2016 ] [ BaseKit owned ]
videometric.net - [ 20-oct-2016 ] [ BaseKit owned ]
vocenof.com - [ 10-jan-2017 ] [ BaseKit owned ]
wanboroughgreatbarn.co.uk - [ 10-Feb-2017 ] [ BaseKit owned ]
weddingflowersareus.co.uk - [ 27-Nov-2016 ] [ BaseKit owned ]
weddingsbyalison.co.uk - [ 01-Apr-2017 ] [ BaseKit owned ]
whiteleafbridal.com - [ 04-aug-2016 ] [ BaseKit owned ]
willowpoloday.com - [ 08-feb-2017 ] [ BaseKit owned ]
yachtingtoys.com - [ 01-dec-2016 ] [ BaseKit owned ]
yoga-fitness.co.uk - [ 06-May-2017 ] [ BaseKit owned ]
your-petersfield.co.uk - [ 28-Mar-2017 ] [ BaseKit owned ]
zambezihardwood.com - [ 13-mar-2016 ] [ BaseKit owned ]
zenohki.co.uk - [ 22-Sep-2016 ] [ BaseKit owned ]
